Using pre-set license
Built from '2020.3/staging' branch; Version is '2020.3.6f1 (338bb68529b2) revision 3378102'; Using compiler version '192528614'; Build Type 'Release'
OS: 'Windows 10 Education; OS build 18363.1500; Version 1909; 64bit' Language: 'en' Physical Memory: 24467 MB
BatchMode: 1, IsHumanControllingUs: 0, StartBugReporterOnCrash: 0, Is64bit: 1, IsPro: 0

 COMMAND LINE ARGUMENTS:
C:\Program Files\Unity\Hub\Editor\2020.3.6f1\Editor\Unity.exe
-adb2
-batchMode
-noUpm
-name
AssetImportWorker1
-projectPath
C:/Users/Hetsko/Documents/GitHub/Voxel-Towers/Voxel Towers
-logFile
Logs/AssetImportWorker1.log
-srvPort
54131
Successfully changed project path to: C:/Users/Hetsko/Documents/GitHub/Voxel-Towers/Voxel Towers
C:/Users/Hetsko/Documents/GitHub/Voxel-Towers/Voxel Towers
Using Asset Import Pipeline V2.
Refreshing native plugins compatible for Editor in 106.77 ms, found 0 plugins.
Preloading 0 native plugins for Editor in 0.00 ms.
Initialize engine version: 2020.3.6f1 (338bb68529b2)
[Subsystems] Discovering subsystems at path C:/Program Files/Unity/Hub/Editor/2020.3.6f1/Editor/Data/Resources/UnitySubsystems
[Subsystems] Discovering subsystems at path C:/Users/Hetsko/Documents/GitHub/Voxel-Towers/Voxel Towers/Assets
GfxDevice: creating device client; threaded=0
Direct3D:
    Version:  Direct3D 11.0 [level 11.1]
    Renderer: NVIDIA GeForce GTX 1660 SUPER (ID=0x21c4)
    Vendor:   
    VRAM:     5991 MB
    Driver:   27.21.14.5671
Shader 'Universal Render Pipeline/Particles/Lit': fallback shader 'Universal Render Pipeline/Particles/SimpleLit' not found
Initialize mono
Mono path[0] = 'C:/Program Files/Unity/Hub/Editor/2020.3.6f1/Editor/Data/Managed'
Mono path[1] = 'C:/Program Files/Unity/Hub/Editor/2020.3.6f1/Editor/Data/MonoBleedingEdge/lib/mono/unityjit'
Mono config path = 'C:/Program Files/Unity/Hub/Editor/2020.3.6f1/Editor/Data/MonoBleedingEdge/etc'
Using monoOptions --debugger-agent=transport=dt_socket,embedding=1,server=y,suspend=n,address=127.0.0.1:56428
Begin MonoManager ReloadAssembly
Registering precompiled unity dll's ...
Register platform support module: C:/Program Files/Unity/Hub/Editor/2020.3.6f1/Editor/Data/PlaybackEngines/WebGLSupport/UnityEditor.WebGL.Extensions.dll
Register platform support module: C:/Program Files/Unity/Hub/Editor/2020.3.6f1/Editor/Data/PlaybackEngines/WindowsStandaloneSupport/UnityEditor.WindowsStandalone.Extensions.dll
Register platform support module: C:/Program Files/Unity/Hub/Editor/2020.3.6f1/Editor/Data/PlaybackEngines/LinuxStandaloneSupport/UnityEditor.LinuxStandalone.Extensions.dll
Registered in 0.006369 seconds.
Native extension for LinuxStandalone target not found
Native extension for WindowsStandalone target not found
Native extension for WebGL target not found
Refreshing native plugins compatible for Editor in 108.40 ms, found 0 plugins.
Preloading 0 native plugins for Editor in 0.00 ms.
Mono: successfully reloaded assembly
- Completed reload, in  2.267 seconds
Platform modules already initialized, skipping
Registering precompiled user dll's ...
Registered in 0.002549 seconds.
Begin MonoManager ReloadAssembly
Native extension for LinuxStandalone target not found
Native extension for WindowsStandalone target not found
Native extension for WebGL target not found
Refreshing native plugins compatible for Editor in 97.75 ms, found 0 plugins.
Preloading 0 native plugins for Editor in 0.00 ms.
Mono: successfully reloaded assembly
- Completed reload, in  1.632 seconds
Platform modules already initialized, skipping
========================================================================
Worker process is ready to serve import requests
Shader 'Universal Render Pipeline/Particles/Lit': fallback shader 'Universal Render Pipeline/Particles/SimpleLit' not found
Launched and connected shader compiler UnityShaderCompiler.exe after 0.13 seconds
Refreshing native plugins compatible for Editor in 0.60 ms, found 0 plugins.
Preloading 0 native plugins for Editor in 0.00 ms.
Unloading 2597 Unused Serialized files (Serialized files now loaded: 0)
System memory in use before: 131.1 MB.
System memory in use after: 131.3 MB.

Unloading 10 unused Assets to reduce memory usage. Loaded Objects now: 3048.
Total: 6.288500 ms (FindLiveObjects: 0.518600 ms CreateObjectMapping: 0.400900 ms MarkObjects: 5.230200 ms  DeleteObjects: 0.123300 ms)

========================================================================
Received Import Request.
  path: Assets/Prefabs/Tower Basic.prefab
  artifactKey: Guid(ba9c1eedb125dd84c8e3bf3769b506e6) Importer(815301076,1909f56bfc062723c751e8b465ee728b)
Start importing Assets/Prefabs/Tower Basic.prefab using Guid(ba9c1eedb125dd84c8e3bf3769b506e6) Importer(815301076,1909f56bfc062723c751e8b465ee728b)  -> (artifact id: '016adc0d1c939bfbda7fd319b79ede71') in 0.624640 seconds
  Import took 0.636535 seconds .

========================================================================
Received Import Request.
  Time since last request: 25.624910 seconds.
  path: Assets/Prefabs/Tower Basic.prefab
  artifactKey: Guid(ba9c1eedb125dd84c8e3bf3769b506e6) Importer(815301076,1909f56bfc062723c751e8b465ee728b)
Start importing Assets/Prefabs/Tower Basic.prefab using Guid(ba9c1eedb125dd84c8e3bf3769b506e6) Importer(815301076,1909f56bfc062723c751e8b465ee728b)  -> (artifact id: 'bd78b211a59e15ca686a9327584046fa') in 0.091819 seconds
  Import took 0.106856 seconds .

========================================================================
Received Prepare
Registering precompiled user dll's ...
Registered in 0.002595 seconds.
Begin MonoManager ReloadAssembly
Native extension for LinuxStandalone target not found
Native extension for WindowsStandalone target not found
Native extension for WebGL target not found
Refreshing native plugins compatible for Editor in 0.67 ms, found 0 plugins.
Preloading 0 native plugins for Editor in 0.00 ms.
Mono: successfully reloaded assembly
- Completed reload, in  1.411 seconds
Platform modules already initialized, skipping
Shader 'Universal Render Pipeline/Particles/Lit': fallback shader 'Universal Render Pipeline/Particles/SimpleLit' not found
Refreshing native plugins compatible for Editor in 0.78 ms, found 0 plugins.
Preloading 0 native plugins for Editor in 0.00 ms.
Unloading 2442 Unused Serialized files (Serialized files now loaded: 0)
System memory in use before: 126.2 MB.
System memory in use after: 126.5 MB.

Unloading 6 unused Assets to reduce memory usage. Loaded Objects now: 3098.
Total: 3.402000 ms (FindLiveObjects: 0.360000 ms CreateObjectMapping: 0.441900 ms MarkObjects: 2.573900 ms  DeleteObjects: 0.025000 ms)

========================================================================
Received Import Request.
  Time since last request: 30.313223 seconds.
  path: Assets/Prefabs/Tower Basic.prefab
  artifactKey: Guid(ba9c1eedb125dd84c8e3bf3769b506e6) Importer(815301076,1909f56bfc062723c751e8b465ee728b)
Start importing Assets/Prefabs/Tower Basic.prefab using Guid(ba9c1eedb125dd84c8e3bf3769b506e6) Importer(815301076,1909f56bfc062723c751e8b465ee728b)  -> (artifact id: '3fbb04a734a204666b9539305038df03') in 0.361949 seconds
  Import took 0.375115 seconds .

========================================================================
Received Import Request.
  Time since last request: 4.104768 seconds.
  path: Assets/Prefabs/Tower Basic.prefab
  artifactKey: Guid(ba9c1eedb125dd84c8e3bf3769b506e6) Importer(815301076,1909f56bfc062723c751e8b465ee728b)
Start importing Assets/Prefabs/Tower Basic.prefab using Guid(ba9c1eedb125dd84c8e3bf3769b506e6) Importer(815301076,1909f56bfc062723c751e8b465ee728b)  -> (artifact id: '17bdd14ba5a2cbc42e742317d885271f') in 0.143350 seconds
  Import took 0.160319 seconds .

========================================================================
Received Import Request.
  Time since last request: 7.725881 seconds.
  path: Assets/Prefabs/Tower Basic.prefab
  artifactKey: Guid(ba9c1eedb125dd84c8e3bf3769b506e6) Importer(815301076,1909f56bfc062723c751e8b465ee728b)
Start importing Assets/Prefabs/Tower Basic.prefab using Guid(ba9c1eedb125dd84c8e3bf3769b506e6) Importer(815301076,1909f56bfc062723c751e8b465ee728b)  -> (artifact id: 'a8b01de3ba13cabef952679cef536be9') in 0.086336 seconds
  Import took 0.100033 seconds .

========================================================================
Received Import Request.
  Time since last request: 4.144902 seconds.
  path: Assets/Prefabs/Tower Basic.prefab
  artifactKey: Guid(ba9c1eedb125dd84c8e3bf3769b506e6) Importer(815301076,1909f56bfc062723c751e8b465ee728b)
Start importing Assets/Prefabs/Tower Basic.prefab using Guid(ba9c1eedb125dd84c8e3bf3769b506e6) Importer(815301076,1909f56bfc062723c751e8b465ee728b)  -> (artifact id: 'c7f7678a882f1e09bfef4e9c7ec9cbc0') in 0.139604 seconds
  Import took 0.155143 seconds .

========================================================================
Received Import Request.
  Time since last request: 3.476860 seconds.
  path: Assets/Prefabs/Tower Basic.prefab
  artifactKey: Guid(ba9c1eedb125dd84c8e3bf3769b506e6) Importer(815301076,1909f56bfc062723c751e8b465ee728b)
Start importing Assets/Prefabs/Tower Basic.prefab using Guid(ba9c1eedb125dd84c8e3bf3769b506e6) Importer(815301076,1909f56bfc062723c751e8b465ee728b)  -> (artifact id: '9633a7b6e7d2330444b80b5ebf84a9db') in 0.121801 seconds
  Import took 0.138398 seconds .

========================================================================
Received Prepare
Registering precompiled user dll's ...
Registered in 0.002593 seconds.
Begin MonoManager ReloadAssembly
Native extension for LinuxStandalone target not found
Native extension for WindowsStandalone target not found
Native extension for WebGL target not found
Refreshing native plugins compatible for Editor in 0.72 ms, found 0 plugins.
Preloading 0 native plugins for Editor in 0.00 ms.
Mono: successfully reloaded assembly
- Completed reload, in  2.833 seconds
Platform modules already initialized, skipping
Shader 'Universal Render Pipeline/Particles/Lit': fallback shader 'Universal Render Pipeline/Particles/SimpleLit' not found
Refreshing native plugins compatible for Editor in 0.75 ms, found 0 plugins.
Preloading 0 native plugins for Editor in 0.00 ms.
Unloading 2442 Unused Serialized files (Serialized files now loaded: 0)
System memory in use before: 126.4 MB.
System memory in use after: 126.7 MB.

Unloading 6 unused Assets to reduce memory usage. Loaded Objects now: 3137.
Total: 4.409200 ms (FindLiveObjects: 0.560900 ms CreateObjectMapping: 0.419400 ms MarkObjects: 3.306900 ms  DeleteObjects: 0.117800 ms)

========================================================================
Received Import Request.
  Time since last request: 47.931537 seconds.
  path: Assets/Prefabs/Tower Basic.prefab
  artifactKey: Guid(ba9c1eedb125dd84c8e3bf3769b506e6) Importer(815301076,1909f56bfc062723c751e8b465ee728b)
Start importing Assets/Prefabs/Tower Basic.prefab using Guid(ba9c1eedb125dd84c8e3bf3769b506e6) Importer(815301076,1909f56bfc062723c751e8b465ee728b)  -> (artifact id: 'a7ee0dad048e8fe039f9dc91b089e294') in 0.388539 seconds
  Import took 0.407870 seconds .

========================================================================
Received Prepare
Registering precompiled user dll's ...
Registered in 0.001831 seconds.
Begin MonoManager ReloadAssembly
Native extension for LinuxStandalone target not found
Native extension for WindowsStandalone target not found
Native extension for WebGL target not found
Refreshing native plugins compatible for Editor in 0.63 ms, found 0 plugins.
Preloading 0 native plugins for Editor in 0.00 ms.
Mono: successfully reloaded assembly
- Completed reload, in  1.409 seconds
Platform modules already initialized, skipping
Shader 'Universal Render Pipeline/Particles/Lit': fallback shader 'Universal Render Pipeline/Particles/SimpleLit' not found
Refreshing native plugins compatible for Editor in 0.92 ms, found 0 plugins.
Preloading 0 native plugins for Editor in 0.00 ms.
Unloading 2442 Unused Serialized files (Serialized files now loaded: 0)
System memory in use before: 126.6 MB.
System memory in use after: 126.8 MB.

Unloading 6 unused Assets to reduce memory usage. Loaded Objects now: 3176.
Total: 7.602900 ms (FindLiveObjects: 0.380700 ms CreateObjectMapping: 0.262800 ms MarkObjects: 6.803600 ms  DeleteObjects: 0.154400 ms)

========================================================================
Received Import Request.
  Time since last request: 14.031931 seconds.
  path: Assets/Prefabs/Tower Basic.prefab
  artifactKey: Guid(ba9c1eedb125dd84c8e3bf3769b506e6) Importer(815301076,1909f56bfc062723c751e8b465ee728b)
Start importing Assets/Prefabs/Tower Basic.prefab using Guid(ba9c1eedb125dd84c8e3bf3769b506e6) Importer(815301076,1909f56bfc062723c751e8b465ee728b)  -> (artifact id: '6ef62757c237ec164cb006f0f1f1d2ca') in 0.378163 seconds
  Import took 0.396011 seconds .

========================================================================
Received Prepare
Registering precompiled user dll's ...
Registered in 0.002195 seconds.
Begin MonoManager ReloadAssembly
Native extension for LinuxStandalone target not found
Native extension for WindowsStandalone target not found
Native extension for WebGL target not found
Refreshing native plugins compatible for Editor in 0.73 ms, found 0 plugins.
Preloading 0 native plugins for Editor in 0.00 ms.
Mono: successfully reloaded assembly
- Completed reload, in  1.173 seconds
Platform modules already initialized, skipping
Shader 'Universal Render Pipeline/Particles/Lit': fallback shader 'Universal Render Pipeline/Particles/SimpleLit' not found
Refreshing native plugins compatible for Editor in 0.62 ms, found 0 plugins.
Preloading 0 native plugins for Editor in 0.00 ms.
Unloading 2442 Unused Serialized files (Serialized files now loaded: 0)
System memory in use before: 126.7 MB.
System memory in use after: 127.0 MB.

Unloading 6 unused Assets to reduce memory usage. Loaded Objects now: 3215.
Total: 3.078000 ms (FindLiveObjects: 0.320400 ms CreateObjectMapping: 0.217800 ms MarkObjects: 2.510700 ms  DeleteObjects: 0.027500 ms)

========================================================================
Received Import Request.
  Time since last request: 15.056427 seconds.
  path: Assets/Prefabs/Tower Basic.prefab
  artifactKey: Guid(ba9c1eedb125dd84c8e3bf3769b506e6) Importer(815301076,1909f56bfc062723c751e8b465ee728b)
Start importing Assets/Prefabs/Tower Basic.prefab using Guid(ba9c1eedb125dd84c8e3bf3769b506e6) Importer(815301076,1909f56bfc062723c751e8b465ee728b)  -> (artifact id: '8f61d32e55ee7a7d3f0eb8db130ac207') in 0.344687 seconds
  Import took 0.356737 seconds .

========================================================================
Received Prepare
Registering precompiled user dll's ...
Registered in 0.002390 seconds.
Begin MonoManager ReloadAssembly
Native extension for LinuxStandalone target not found
Native extension for WindowsStandalone target not found
Native extension for WebGL target not found
Refreshing native plugins compatible for Editor in 0.61 ms, found 0 plugins.
Preloading 0 native plugins for Editor in 0.00 ms.
Mono: successfully reloaded assembly
- Completed reload, in  1.211 seconds
Platform modules already initialized, skipping
Shader 'Universal Render Pipeline/Particles/Lit': fallback shader 'Universal Render Pipeline/Particles/SimpleLit' not found
Refreshing native plugins compatible for Editor in 0.56 ms, found 0 plugins.
Preloading 0 native plugins for Editor in 0.00 ms.
Unloading 2442 Unused Serialized files (Serialized files now loaded: 0)
System memory in use before: 126.8 MB.
System memory in use after: 127.0 MB.

Unloading 6 unused Assets to reduce memory usage. Loaded Objects now: 3254.
Total: 2.931700 ms (FindLiveObjects: 0.317000 ms CreateObjectMapping: 0.327000 ms MarkObjects: 2.260600 ms  DeleteObjects: 0.025700 ms)

========================================================================
Received Import Request.
  Time since last request: 24.367995 seconds.
  path: Assets/Prefabs/Tower Basic.prefab
  artifactKey: Guid(ba9c1eedb125dd84c8e3bf3769b506e6) Importer(815301076,1909f56bfc062723c751e8b465ee728b)
Start importing Assets/Prefabs/Tower Basic.prefab using Guid(ba9c1eedb125dd84c8e3bf3769b506e6) Importer(815301076,1909f56bfc062723c751e8b465ee728b)  -> (artifact id: '399079fbf30988de7e9a8d355e429196') in 0.378414 seconds
  Import took 0.390741 seconds .

========================================================================
Received Prepare
Registering precompiled user dll's ...
Registered in 0.002627 seconds.
Begin MonoManager ReloadAssembly
Native extension for LinuxStandalone target not found
Native extension for WindowsStandalone target not found
Native extension for WebGL target not found
Refreshing native plugins compatible for Editor in 0.64 ms, found 0 plugins.
Preloading 0 native plugins for Editor in 0.00 ms.
Mono: successfully reloaded assembly
- Completed reload, in  1.209 seconds
Platform modules already initialized, skipping
Shader 'Universal Render Pipeline/Particles/Lit': fallback shader 'Universal Render Pipeline/Particles/SimpleLit' not found
Refreshing native plugins compatible for Editor in 0.73 ms, found 0 plugins.
Preloading 0 native plugins for Editor in 0.00 ms.
Unloading 2442 Unused Serialized files (Serialized files now loaded: 0)
System memory in use before: 127.0 MB.
System memory in use after: 127.2 MB.

Unloading 6 unused Assets to reduce memory usage. Loaded Objects now: 3293.
Total: 4.376900 ms (FindLiveObjects: 0.340600 ms CreateObjectMapping: 1.331900 ms MarkObjects: 2.677300 ms  DeleteObjects: 0.025700 ms)

========================================================================
Received Import Request.
  Time since last request: 41.108161 seconds.
  path: Assets/Prefabs/Tower Basic.prefab
  artifactKey: Guid(ba9c1eedb125dd84c8e3bf3769b506e6) Importer(815301076,1909f56bfc062723c751e8b465ee728b)
Start importing Assets/Prefabs/Tower Basic.prefab using Guid(ba9c1eedb125dd84c8e3bf3769b506e6) Importer(815301076,1909f56bfc062723c751e8b465ee728b)  -> (artifact id: '518937fb13fd74c62ebd4fc5ab46865d') in 0.346510 seconds
  Import took 0.358885 seconds .

========================================================================
Received Prepare
Registering precompiled user dll's ...
Registered in 0.002128 seconds.
Begin MonoManager ReloadAssembly
Native extension for LinuxStandalone target not found
Native extension for WindowsStandalone target not found
Native extension for WebGL target not found
Refreshing native plugins compatible for Editor in 0.58 ms, found 0 plugins.
Preloading 0 native plugins for Editor in 0.00 ms.
Mono: successfully reloaded assembly
- Completed reload, in  1.519 seconds
Platform modules already initialized, skipping
Shader 'Universal Render Pipeline/Particles/Lit': fallback shader 'Universal Render Pipeline/Particles/SimpleLit' not found
Refreshing native plugins compatible for Editor in 0.57 ms, found 0 plugins.
Preloading 0 native plugins for Editor in 0.00 ms.
Unloading 2442 Unused Serialized files (Serialized files now loaded: 0)
System memory in use before: 127.1 MB.
System memory in use after: 127.4 MB.

Unloading 6 unused Assets to reduce memory usage. Loaded Objects now: 3332.
Total: 3.937100 ms (FindLiveObjects: 0.581600 ms CreateObjectMapping: 0.261100 ms MarkObjects: 3.043200 ms  DeleteObjects: 0.049500 ms)

========================================================================
Received Prepare
Registering precompiled user dll's ...
Registered in 0.002466 seconds.
Begin MonoManager ReloadAssembly
Native extension for LinuxStandalone target not found
Native extension for WindowsStandalone target not found
Native extension for WebGL target not found
Refreshing native plugins compatible for Editor in 0.73 ms, found 0 plugins.
Preloading 0 native plugins for Editor in 0.00 ms.
Mono: successfully reloaded assembly
- Completed reload, in  2.437 seconds
Platform modules already initialized, skipping
Shader 'Universal Render Pipeline/Particles/Lit': fallback shader 'Universal Render Pipeline/Particles/SimpleLit' not found
Refreshing native plugins compatible for Editor in 0.56 ms, found 0 plugins.
Preloading 0 native plugins for Editor in 0.00 ms.
Unloading 2442 Unused Serialized files (Serialized files now loaded: 0)
System memory in use before: 127.1 MB.
System memory in use after: 127.4 MB.

Unloading 5 unused Assets to reduce memory usage. Loaded Objects now: 3335.
Total: 3.259300 ms (FindLiveObjects: 0.432400 ms CreateObjectMapping: 0.180300 ms MarkObjects: 2.626600 ms  DeleteObjects: 0.018500 ms)

========================================================================
Received Prepare
Registering precompiled user dll's ...
Registered in 0.004770 seconds.
Begin MonoManager ReloadAssembly
Native extension for LinuxStandalone target not found
Native extension for WindowsStandalone target not found
Native extension for WebGL target not found
Refreshing native plugins compatible for Editor in 4.68 ms, found 0 plugins.
Preloading 0 native plugins for Editor in 0.00 ms.
Mono: successfully reloaded assembly
- Completed reload, in  4.610 seconds
Platform modules already initialized, skipping
Shader 'Universal Render Pipeline/Particles/Lit': fallback shader 'Universal Render Pipeline/Particles/SimpleLit' not found
Refreshing native plugins compatible for Editor in 0.90 ms, found 0 plugins.
Preloading 0 native plugins for Editor in 0.00 ms.
Unloading 2442 Unused Serialized files (Serialized files now loaded: 0)
System memory in use before: 127.2 MB.
System memory in use after: 127.4 MB.

Unloading 5 unused Assets to reduce memory usage. Loaded Objects now: 3338.
Total: 9.885200 ms (FindLiveObjects: 1.177900 ms CreateObjectMapping: 2.997400 ms MarkObjects: 5.684700 ms  DeleteObjects: 0.022400 ms)

========================================================================
Received Prepare
Registering precompiled user dll's ...
Registered in 0.004259 seconds.
Begin MonoManager ReloadAssembly
Native extension for LinuxStandalone target not found
Native extension for WindowsStandalone target not found
Native extension for WebGL target not found
Refreshing native plugins compatible for Editor in 1.17 ms, found 0 plugins.
Preloading 0 native plugins for Editor in 0.00 ms.
Mono: successfully reloaded assembly
- Completed reload, in  3.037 seconds
Platform modules already initialized, skipping
Shader 'Universal Render Pipeline/Particles/Lit': fallback shader 'Universal Render Pipeline/Particles/SimpleLit' not found
Refreshing native plugins compatible for Editor in 1.04 ms, found 0 plugins.
Preloading 0 native plugins for Editor in 0.00 ms.
Unloading 2442 Unused Serialized files (Serialized files now loaded: 0)
System memory in use before: 127.1 MB.
System memory in use after: 127.3 MB.

Unloading 5 unused Assets to reduce memory usage. Loaded Objects now: 3341.
Total: 9.408400 ms (FindLiveObjects: 0.417500 ms CreateObjectMapping: 0.337900 ms MarkObjects: 8.614100 ms  DeleteObjects: 0.036600 ms)

