Using pre-set license
Built from '2020.3/release' branch; Version is '2020.3.1f1 (77a89f25062f) revision 7841951'; Using compiler version '192528614'; Build Type 'Release'
OS: 'Windows 10 Education; OS build 18363.1440; Version 1909; 64bit' Language: 'en' Physical Memory: 24467 MB
BatchMode: 1, IsHumanControllingUs: 0, StartBugReporterOnCrash: 0, Is64bit: 1, IsPro: 0

 COMMAND LINE ARGUMENTS:
C:\Program Files\Unity\Hub\Editor\2020.3.1f1\Editor\Unity.exe
-adb2
-batchMode
-noUpm
-name
AssetImportWorker1
-projectPath
C:/Users/Hetsko/Documents/GitHub/Voxel-Towers/Voxel Towers
-logFile
Logs/AssetImportWorker1.log
-srvPort
50338
Successfully changed project path to: C:/Users/Hetsko/Documents/GitHub/Voxel-Towers/Voxel Towers
C:/Users/Hetsko/Documents/GitHub/Voxel-Towers/Voxel Towers
Using Asset Import Pipeline V2.
Refreshing native plugins compatible for Editor in 60.86 ms, found 0 plugins.
Preloading 0 native plugins for Editor in 0.00 ms.
Initialize engine version: 2020.3.1f1 (77a89f25062f)
[Subsystems] Discovering subsystems at path C:/Program Files/Unity/Hub/Editor/2020.3.1f1/Editor/Data/Resources/UnitySubsystems
[Subsystems] Discovering subsystems at path C:/Users/Hetsko/Documents/GitHub/Voxel-Towers/Voxel Towers/Assets
GfxDevice: creating device client; threaded=0
Direct3D:
    Version:  Direct3D 11.0 [level 11.1]
    Renderer: NVIDIA GeForce GTX 1660 SUPER (ID=0x21c4)
    Vendor:   
    VRAM:     5991 MB
    Driver:   27.21.14.5671
Shader 'Universal Render Pipeline/Particles/Lit': fallback shader 'Universal Render Pipeline/Particles/SimpleLit' not found
Initialize mono
Mono path[0] = 'C:/Program Files/Unity/Hub/Editor/2020.3.1f1/Editor/Data/Managed'
Mono path[1] = 'C:/Program Files/Unity/Hub/Editor/2020.3.1f1/Editor/Data/MonoBleedingEdge/lib/mono/unityjit'
Mono config path = 'C:/Program Files/Unity/Hub/Editor/2020.3.1f1/Editor/Data/MonoBleedingEdge/etc'
Using monoOptions --debugger-agent=transport=dt_socket,embedding=1,server=y,suspend=n,address=127.0.0.1:56324
Begin MonoManager ReloadAssembly
Registering precompiled unity dll's ...
Register platform support module: C:/Program Files/Unity/Hub/Editor/2020.3.1f1/Editor/Data/PlaybackEngines/WebGLSupport/UnityEditor.WebGL.Extensions.dll
Register platform support module: C:/Program Files/Unity/Hub/Editor/2020.3.1f1/Editor/Data/PlaybackEngines/MacStandaloneSupport/UnityEditor.OSXStandalone.Extensions.dll
Register platform support module: C:/Program Files/Unity/Hub/Editor/2020.3.1f1/Editor/Data/PlaybackEngines/WindowsStandaloneSupport/UnityEditor.WindowsStandalone.Extensions.dll
Register platform support module: C:/Program Files/Unity/Hub/Editor/2020.3.1f1/Editor/Data/PlaybackEngines/LinuxStandaloneSupport/UnityEditor.LinuxStandalone.Extensions.dll
Registered in 0.004258 seconds.
Native extension for LinuxStandalone target not found
Native extension for WindowsStandalone target not found
Native extension for OSXStandalone target not found
Native extension for WebGL target not found
Refreshing native plugins compatible for Editor in 62.72 ms, found 0 plugins.
Preloading 0 native plugins for Editor in 0.00 ms.
Invoked RoslynAnalysisRunner static constructor.
RoslynAnalysisRunner will not be running.
RoslynAnalysisRunner has terminated.
Mono: successfully reloaded assembly
- Completed reload, in  2.086 seconds
Platform modules already initialized, skipping
Registering precompiled user dll's ...
Registered in 0.002449 seconds.
Begin MonoManager ReloadAssembly
Native extension for LinuxStandalone target not found
Native extension for WindowsStandalone target not found
Native extension for OSXStandalone target not found
Native extension for WebGL target not found
Refreshing native plugins compatible for Editor in 58.85 ms, found 0 plugins.
Preloading 0 native plugins for Editor in 0.00 ms.
Invoked RoslynAnalysisRunner static constructor.
RoslynAnalysisRunner will not be running.
RoslynAnalysisRunner has terminated.
Mono: successfully reloaded assembly
- Completed reload, in  1.300 seconds
Platform modules already initialized, skipping
========================================================================
Worker process is ready to serve import requests
Shader 'Universal Render Pipeline/Particles/Lit': fallback shader 'Universal Render Pipeline/Particles/SimpleLit' not found
Launched and connected shader compiler UnityShaderCompiler.exe after 0.12 seconds
Refreshing native plugins compatible for Editor in 0.57 ms, found 0 plugins.
Preloading 0 native plugins for Editor in 0.00 ms.
Unloading 2437 Unused Serialized files (Serialized files now loaded: 0)
System memory in use before: 114.6 MB.
System memory in use after: 112.6 MB.

Unloading 43 unused Assets to reduce memory usage. Loaded Objects now: 2849.
Total: 4.420800 ms (FindLiveObjects: 0.295300 ms CreateObjectMapping: 0.310700 ms MarkObjects: 2.280900 ms  DeleteObjects: 1.532300 ms)

========================================================================
Received Import Request.
  path: Assets/Prefabs/tower Variant.prefab
  artifactKey: Guid(36cae2a4682a03b44951503cddb8aa3c) Importer(815301076,1909f56bfc062723c751e8b465ee728b)
Start importing Assets/Prefabs/tower Variant.prefab using Guid(36cae2a4682a03b44951503cddb8aa3c) Importer(815301076,1909f56bfc062723c751e8b465ee728b)  -> (artifact id: '7f0286d3eb702524cddb4aa1ef7f9d22') in 0.445617 seconds
  Import took 0.451293 seconds .

========================================================================
Received Prepare
Registering precompiled user dll's ...
Registered in 0.002186 seconds.
Begin MonoManager ReloadAssembly
Native extension for LinuxStandalone target not found
Native extension for WindowsStandalone target not found
Native extension for OSXStandalone target not found
Native extension for WebGL target not found
Refreshing native plugins compatible for Editor in 0.48 ms, found 0 plugins.
Preloading 0 native plugins for Editor in 0.00 ms.
Invoked RoslynAnalysisRunner static constructor.
RoslynAnalysisRunner will not be running.
RoslynAnalysisRunner has terminated.
Mono: successfully reloaded assembly
- Completed reload, in  1.482 seconds
Platform modules already initialized, skipping
Shader 'Universal Render Pipeline/Particles/Lit': fallback shader 'Universal Render Pipeline/Particles/SimpleLit' not found
Refreshing native plugins compatible for Editor in 0.45 ms, found 0 plugins.
Preloading 0 native plugins for Editor in 0.00 ms.
Unloading 2347 Unused Serialized files (Serialized files now loaded: 0)
System memory in use before: 115.6 MB.
System memory in use after: 113.6 MB.

Unloading 38 unused Assets to reduce memory usage. Loaded Objects now: 2897.
Total: 3.965500 ms (FindLiveObjects: 0.258400 ms CreateObjectMapping: 0.131500 ms MarkObjects: 2.155300 ms  DeleteObjects: 1.418800 ms)

========================================================================
Received Import Request.
  Time since last request: 82.391005 seconds.
  path: Assets/Prefabs/tower Variant.prefab
  artifactKey: Guid(36cae2a4682a03b44951503cddb8aa3c) Importer(815301076,1909f56bfc062723c751e8b465ee728b)
Start importing Assets/Prefabs/tower Variant.prefab using Guid(36cae2a4682a03b44951503cddb8aa3c) Importer(815301076,1909f56bfc062723c751e8b465ee728b)  -> (artifact id: '719d2f0a8fa32a0a406faa6d011a3387') in 0.277835 seconds
  Import took 0.289182 seconds .

========================================================================
Received Prepare
Registering precompiled user dll's ...
Registered in 0.008998 seconds.
Begin MonoManager ReloadAssembly
Native extension for LinuxStandalone target not found
Native extension for WindowsStandalone target not found
Native extension for OSXStandalone target not found
Native extension for WebGL target not found
Refreshing native plugins compatible for Editor in 0.52 ms, found 0 plugins.
Preloading 0 native plugins for Editor in 0.00 ms.
Invoked RoslynAnalysisRunner static constructor.
RoslynAnalysisRunner will not be running.
RoslynAnalysisRunner has terminated.
Mono: successfully reloaded assembly
- Completed reload, in  2.033 seconds
Platform modules already initialized, skipping
Shader 'Universal Render Pipeline/Particles/Lit': fallback shader 'Universal Render Pipeline/Particles/SimpleLit' not found
Refreshing native plugins compatible for Editor in 1.67 ms, found 0 plugins.
Preloading 0 native plugins for Editor in 0.00 ms.
Unloading 2347 Unused Serialized files (Serialized files now loaded: 0)
System memory in use before: 115.7 MB.
System memory in use after: 113.7 MB.

Unloading 38 unused Assets to reduce memory usage. Loaded Objects now: 2936.
Total: 8.188000 ms (FindLiveObjects: 0.557400 ms CreateObjectMapping: 0.238600 ms MarkObjects: 5.612100 ms  DeleteObjects: 1.777800 ms)

========================================================================
Received Import Request.
  Time since last request: 43811.825282 seconds.
  path: Assets/Prefabs/tower Variant.prefab
  artifactKey: Guid(36cae2a4682a03b44951503cddb8aa3c) Importer(815301076,1909f56bfc062723c751e8b465ee728b)
Start importing Assets/Prefabs/tower Variant.prefab using Guid(36cae2a4682a03b44951503cddb8aa3c) Importer(815301076,1909f56bfc062723c751e8b465ee728b)  -> (artifact id: '27a68f29399c523005bf26d1014502d9') in 0.451260 seconds
  Import took 0.458709 seconds .

========================================================================
Received Prepare
Registering precompiled user dll's ...
Registered in 0.002428 seconds.
Begin MonoManager ReloadAssembly
Native extension for LinuxStandalone target not found
Native extension for WindowsStandalone target not found
Native extension for OSXStandalone target not found
Native extension for WebGL target not found
Refreshing native plugins compatible for Editor in 0.57 ms, found 0 plugins.
Preloading 0 native plugins for Editor in 0.00 ms.
Invoked RoslynAnalysisRunner static constructor.
RoslynAnalysisRunner will not be running.
RoslynAnalysisRunner has terminated.
Mono: successfully reloaded assembly
- Completed reload, in  2.289 seconds
Platform modules already initialized, skipping
Shader 'Universal Render Pipeline/Particles/Lit': fallback shader 'Universal Render Pipeline/Particles/SimpleLit' not found
Refreshing native plugins compatible for Editor in 0.49 ms, found 0 plugins.
Preloading 0 native plugins for Editor in 0.00 ms.
Unloading 2347 Unused Serialized files (Serialized files now loaded: 0)
System memory in use before: 115.9 MB.
System memory in use after: 113.8 MB.

Unloading 38 unused Assets to reduce memory usage. Loaded Objects now: 2975.
Total: 5.760000 ms (FindLiveObjects: 0.334500 ms CreateObjectMapping: 0.173200 ms MarkObjects: 3.691900 ms  DeleteObjects: 1.558500 ms)

========================================================================
Received Prepare
Registering precompiled user dll's ...
Registered in 0.001689 seconds.
Begin MonoManager ReloadAssembly
Native extension for LinuxStandalone target not found
Native extension for WindowsStandalone target not found
Native extension for OSXStandalone target not found
Native extension for WebGL target not found
Refreshing native plugins compatible for Editor in 0.42 ms, found 0 plugins.
Preloading 0 native plugins for Editor in 0.00 ms.
Invoked RoslynAnalysisRunner static constructor.
RoslynAnalysisRunner will not be running.
RoslynAnalysisRunner has terminated.
Mono: successfully reloaded assembly
- Completed reload, in  1.361 seconds
Platform modules already initialized, skipping
Shader 'Universal Render Pipeline/Particles/Lit': fallback shader 'Universal Render Pipeline/Particles/SimpleLit' not found
Refreshing native plugins compatible for Editor in 0.61 ms, found 0 plugins.
Preloading 0 native plugins for Editor in 0.00 ms.
Unloading 2347 Unused Serialized files (Serialized files now loaded: 0)
System memory in use before: 115.9 MB.
System memory in use after: 113.9 MB.

Unloading 38 unused Assets to reduce memory usage. Loaded Objects now: 2978.
Total: 3.996900 ms (FindLiveObjects: 0.313600 ms CreateObjectMapping: 0.142400 ms MarkObjects: 2.040400 ms  DeleteObjects: 1.499200 ms)

========================================================================
Received Prepare
Registering precompiled user dll's ...
Registered in 0.001679 seconds.
Begin MonoManager ReloadAssembly
Native extension for LinuxStandalone target not found
Native extension for WindowsStandalone target not found
Native extension for OSXStandalone target not found
Native extension for WebGL target not found
Refreshing native plugins compatible for Editor in 0.60 ms, found 0 plugins.
Preloading 0 native plugins for Editor in 0.00 ms.
Invoked RoslynAnalysisRunner static constructor.
RoslynAnalysisRunner will not be running.
RoslynAnalysisRunner has terminated.
Mono: successfully reloaded assembly
- Completed reload, in  1.257 seconds
Platform modules already initialized, skipping
Shader 'Universal Render Pipeline/Particles/Lit': fallback shader 'Universal Render Pipeline/Particles/SimpleLit' not found
Refreshing native plugins compatible for Editor in 0.43 ms, found 0 plugins.
Preloading 0 native plugins for Editor in 0.00 ms.
Unloading 2347 Unused Serialized files (Serialized files now loaded: 0)
System memory in use before: 115.8 MB.
System memory in use after: 113.8 MB.

Unloading 38 unused Assets to reduce memory usage. Loaded Objects now: 2981.
Total: 4.733200 ms (FindLiveObjects: 0.397000 ms CreateObjectMapping: 0.144800 ms MarkObjects: 2.122700 ms  DeleteObjects: 2.067500 ms)

========================================================================
Received Import Request.
  Time since last request: 9603.036430 seconds.
  path: Assets/Voxel Tower/GameObject.prefab
  artifactKey: Guid(0d1d2da686007114f8c81b8781b1a277) Importer(815301076,1909f56bfc062723c751e8b465ee728b)
Start importing Assets/Voxel Tower/GameObject.prefab using Guid(0d1d2da686007114f8c81b8781b1a277) Importer(815301076,1909f56bfc062723c751e8b465ee728b)  -> (artifact id: 'a150002bd21a34b4f782f4d57e56f7df') in 0.249605 seconds
  Import took 0.256478 seconds .

========================================================================
Received Import Request.
  Time since last request: 0.000313 seconds.
  path: Assets/Prefabs/tower Variant.prefab
  artifactKey: Guid(36cae2a4682a03b44951503cddb8aa3c) Importer(815301076,1909f56bfc062723c751e8b465ee728b)
Start importing Assets/Prefabs/tower Variant.prefab using Guid(36cae2a4682a03b44951503cddb8aa3c) Importer(815301076,1909f56bfc062723c751e8b465ee728b)  -> (artifact id: '957665e46675d6693074cb61dc9cb618') in 0.035933 seconds
  Import took 0.041733 seconds .

========================================================================
Received Import Request.
  Time since last request: 51.064659 seconds.
  path: Assets/Prefabs/tower Variant.prefab
  artifactKey: Guid(36cae2a4682a03b44951503cddb8aa3c) Importer(815301076,1909f56bfc062723c751e8b465ee728b)
Start importing Assets/Prefabs/tower Variant.prefab using Guid(36cae2a4682a03b44951503cddb8aa3c) Importer(815301076,1909f56bfc062723c751e8b465ee728b)  -> (artifact id: 'd0a2a5d3aefdd3bd3659f7690da2fe40') in 0.047753 seconds
  Import took 0.055502 seconds .

========================================================================
Received Import Request.
  Time since last request: 4.803045 seconds.
  path: Assets/Prefabs/tower Variant.prefab
  artifactKey: Guid(36cae2a4682a03b44951503cddb8aa3c) Importer(815301076,1909f56bfc062723c751e8b465ee728b)
Start importing Assets/Prefabs/tower Variant.prefab using Guid(36cae2a4682a03b44951503cddb8aa3c) Importer(815301076,1909f56bfc062723c751e8b465ee728b)  -> (artifact id: '7b999f0e6582711530e5a1ed99f9faa0') in 0.048575 seconds
  Import took 0.057781 seconds .

========================================================================
Received Prepare
Registering precompiled user dll's ...
Registered in 0.002146 seconds.
Begin MonoManager ReloadAssembly
Native extension for LinuxStandalone target not found
Native extension for WindowsStandalone target not found
Native extension for OSXStandalone target not found
Native extension for WebGL target not found
Refreshing native plugins compatible for Editor in 0.47 ms, found 0 plugins.
Preloading 0 native plugins for Editor in 0.00 ms.
Invoked RoslynAnalysisRunner static constructor.
RoslynAnalysisRunner will not be running.
RoslynAnalysisRunner has terminated.
Mono: successfully reloaded assembly
- Completed reload, in  1.297 seconds
Platform modules already initialized, skipping
Shader 'Universal Render Pipeline/Particles/Lit': fallback shader 'Universal Render Pipeline/Particles/SimpleLit' not found
Refreshing native plugins compatible for Editor in 0.46 ms, found 0 plugins.
Preloading 0 native plugins for Editor in 0.00 ms.
Unloading 2347 Unused Serialized files (Serialized files now loaded: 0)
System memory in use before: 116.0 MB.
System memory in use after: 114.0 MB.

Unloading 38 unused Assets to reduce memory usage. Loaded Objects now: 3020.
Total: 4.362900 ms (FindLiveObjects: 0.320400 ms CreateObjectMapping: 0.197700 ms MarkObjects: 2.204200 ms  DeleteObjects: 1.639200 ms)

========================================================================
Received Import Request.
  Time since last request: 7871.610456 seconds.
  path: Assets/Scripts/PlayerBank.cs
  artifactKey: Guid(6360f948dbb2b20479d796a2853cf139) Importer(815301076,1909f56bfc062723c751e8b465ee728b)
Start importing Assets/Scripts/PlayerBank.cs using Guid(6360f948dbb2b20479d796a2853cf139) Importer(815301076,1909f56bfc062723c751e8b465ee728b)  -> (artifact id: '1a4a07b774f4612995a3b346ea43d3e2') in 0.061927 seconds
  Import took 0.077646 seconds .

========================================================================
Received Prepare
Registering precompiled user dll's ...
Registered in 0.001972 seconds.
Begin MonoManager ReloadAssembly
Native extension for LinuxStandalone target not found
Native extension for WindowsStandalone target not found
Native extension for OSXStandalone target not found
Native extension for WebGL target not found
Refreshing native plugins compatible for Editor in 0.44 ms, found 0 plugins.
Preloading 0 native plugins for Editor in 0.00 ms.
Invoked RoslynAnalysisRunner static constructor.
RoslynAnalysisRunner will not be running.
RoslynAnalysisRunner has terminated.
Mono: successfully reloaded assembly
- Completed reload, in  1.568 seconds
Platform modules already initialized, skipping
Shader 'Universal Render Pipeline/Particles/Lit': fallback shader 'Universal Render Pipeline/Particles/SimpleLit' not found
Refreshing native plugins compatible for Editor in 0.53 ms, found 0 plugins.
Preloading 0 native plugins for Editor in 0.00 ms.
Unloading 2348 Unused Serialized files (Serialized files now loaded: 0)
System memory in use before: 116.0 MB.
System memory in use after: 114.0 MB.

Unloading 38 unused Assets to reduce memory usage. Loaded Objects now: 3024.
Total: 4.802400 ms (FindLiveObjects: 0.582200 ms CreateObjectMapping: 0.163700 ms MarkObjects: 2.244900 ms  DeleteObjects: 1.809800 ms)

========================================================================
Received Prepare
Registering precompiled user dll's ...
Registered in 0.002105 seconds.
Begin MonoManager ReloadAssembly
Native extension for LinuxStandalone target not found
Native extension for WindowsStandalone target not found
Native extension for OSXStandalone target not found
Native extension for WebGL target not found
Refreshing native plugins compatible for Editor in 0.45 ms, found 0 plugins.
Preloading 0 native plugins for Editor in 0.00 ms.
Invoked RoslynAnalysisRunner static constructor.
RoslynAnalysisRunner will not be running.
RoslynAnalysisRunner has terminated.
Mono: successfully reloaded assembly
- Completed reload, in  1.283 seconds
Platform modules already initialized, skipping
Shader 'Universal Render Pipeline/Particles/Lit': fallback shader 'Universal Render Pipeline/Particles/SimpleLit' not found
Refreshing native plugins compatible for Editor in 0.43 ms, found 0 plugins.
Preloading 0 native plugins for Editor in 0.00 ms.
Unloading 2348 Unused Serialized files (Serialized files now loaded: 0)
System memory in use before: 116.1 MB.
System memory in use after: 114.1 MB.

Unloading 38 unused Assets to reduce memory usage. Loaded Objects now: 3027.
Total: 5.224400 ms (FindLiveObjects: 0.380400 ms CreateObjectMapping: 0.249000 ms MarkObjects: 2.826600 ms  DeleteObjects: 1.766900 ms)

========================================================================
Received Import Request.
  Time since last request: 823.807603 seconds.
  path: Assets/Scripts/PlayerBank.cs
  artifactKey: Guid(6360f948dbb2b20479d796a2853cf139) Importer(815301076,1909f56bfc062723c751e8b465ee728b)
Start importing Assets/Scripts/PlayerBank.cs using Guid(6360f948dbb2b20479d796a2853cf139) Importer(815301076,1909f56bfc062723c751e8b465ee728b)  -> (artifact id: '70fc78dc6693b444fcb57d48f6b2ed75') in 0.011759 seconds
  Import took 0.016021 seconds .

========================================================================
Received Import Request.
  Time since last request: 6.215434 seconds.
  path: Assets/Scripts/Base.cs
  artifactKey: Guid(817c5d54f1f82e142a0a407439aaed1c) Importer(815301076,1909f56bfc062723c751e8b465ee728b)
Start importing Assets/Scripts/Base.cs using Guid(817c5d54f1f82e142a0a407439aaed1c) Importer(815301076,1909f56bfc062723c751e8b465ee728b)  -> (artifact id: '9301ac0b5d80b53d183adf1a030bdd05') in 0.016595 seconds
  Import took 0.026780 seconds .

========================================================================
Received Prepare
Registering precompiled user dll's ...
Registered in 0.002172 seconds.
Begin MonoManager ReloadAssembly
Native extension for LinuxStandalone target not found
Native extension for WindowsStandalone target not found
Native extension for OSXStandalone target not found
Native extension for WebGL target not found
Refreshing native plugins compatible for Editor in 0.61 ms, found 0 plugins.
Preloading 0 native plugins for Editor in 0.00 ms.
Invoked RoslynAnalysisRunner static constructor.
RoslynAnalysisRunner will not be running.
RoslynAnalysisRunner has terminated.
Mono: successfully reloaded assembly
- Completed reload, in  1.521 seconds
Platform modules already initialized, skipping
Shader 'Universal Render Pipeline/Particles/Lit': fallback shader 'Universal Render Pipeline/Particles/SimpleLit' not found
Refreshing native plugins compatible for Editor in 0.63 ms, found 0 plugins.
Preloading 0 native plugins for Editor in 0.00 ms.
Unloading 2349 Unused Serialized files (Serialized files now loaded: 0)
System memory in use before: 116.1 MB.
System memory in use after: 114.1 MB.

Unloading 38 unused Assets to reduce memory usage. Loaded Objects now: 3031.
Total: 6.203000 ms (FindLiveObjects: 0.330400 ms CreateObjectMapping: 0.149000 ms MarkObjects: 3.743700 ms  DeleteObjects: 1.978300 ms)

========================================================================
Received Prepare
Registering precompiled user dll's ...
Registered in 0.002075 seconds.
Begin MonoManager ReloadAssembly
Native extension for LinuxStandalone target not found
Native extension for WindowsStandalone target not found
Native extension for OSXStandalone target not found
Native extension for WebGL target not found
Refreshing native plugins compatible for Editor in 0.47 ms, found 0 plugins.
Preloading 0 native plugins for Editor in 0.00 ms.
Invoked RoslynAnalysisRunner static constructor.
RoslynAnalysisRunner will not be running.
RoslynAnalysisRunner has terminated.
Mono: successfully reloaded assembly
- Completed reload, in  1.265 seconds
Platform modules already initialized, skipping
Shader 'Universal Render Pipeline/Particles/Lit': fallback shader 'Universal Render Pipeline/Particles/SimpleLit' not found
Refreshing native plugins compatible for Editor in 0.43 ms, found 0 plugins.
Preloading 0 native plugins for Editor in 0.00 ms.
Unloading 2349 Unused Serialized files (Serialized files now loaded: 0)
System memory in use before: 116.0 MB.
System memory in use after: 114.0 MB.

Unloading 38 unused Assets to reduce memory usage. Loaded Objects now: 3034.
Total: 4.343300 ms (FindLiveObjects: 0.306300 ms CreateObjectMapping: 0.153300 ms MarkObjects: 2.118900 ms  DeleteObjects: 1.763700 ms)

========================================================================
Received Import Request.
  Time since last request: 379.848020 seconds.
  path: Assets/Scripts/Base.cs
  artifactKey: Guid(817c5d54f1f82e142a0a407439aaed1c) Importer(815301076,1909f56bfc062723c751e8b465ee728b)
Start importing Assets/Scripts/Base.cs using Guid(817c5d54f1f82e142a0a407439aaed1c) Importer(815301076,1909f56bfc062723c751e8b465ee728b)  -> (artifact id: '17ae8b664b191c07556e20af33b6b6e9') in 0.008565 seconds
  Import took 0.012972 seconds .

========================================================================
Received Prepare
Registering precompiled user dll's ...
Registered in 0.001804 seconds.
Begin MonoManager ReloadAssembly
Native extension for LinuxStandalone target not found
Native extension for WindowsStandalone target not found
Native extension for OSXStandalone target not found
Native extension for WebGL target not found
Refreshing native plugins compatible for Editor in 0.51 ms, found 0 plugins.
Preloading 0 native plugins for Editor in 0.00 ms.
Invoked RoslynAnalysisRunner static constructor.
RoslynAnalysisRunner will not be running.
RoslynAnalysisRunner has terminated.
Mono: successfully reloaded assembly
- Completed reload, in  1.540 seconds
Platform modules already initialized, skipping
Shader 'Universal Render Pipeline/Particles/Lit': fallback shader 'Universal Render Pipeline/Particles/SimpleLit' not found
Refreshing native plugins compatible for Editor in 0.44 ms, found 0 plugins.
Preloading 0 native plugins for Editor in 0.00 ms.
Unloading 2349 Unused Serialized files (Serialized files now loaded: 0)
System memory in use before: 116.1 MB.
System memory in use after: 114.1 MB.

Unloading 38 unused Assets to reduce memory usage. Loaded Objects now: 3037.
Total: 4.390500 ms (FindLiveObjects: 0.375200 ms CreateObjectMapping: 0.163400 ms MarkObjects: 2.056700 ms  DeleteObjects: 1.793900 ms)

========================================================================
Received Import Request.
  Time since last request: 1180.358386 seconds.
  path: ProjectSettings/TagManager.asset
  artifactKey: Guid(00000000000000003000000000000000) Importer(815301076,1909f56bfc062723c751e8b465ee728b)
Start importing ProjectSettings/TagManager.asset using Guid(00000000000000003000000000000000) Importer(815301076,1909f56bfc062723c751e8b465ee728b)  -> (artifact id: 'e3647b69ed6970675c2af54ed970b134') in 0.032473 seconds
  Import took 0.043639 seconds .

========================================================================
Received Prepare
Registering precompiled user dll's ...
Registered in 0.002004 seconds.
Begin MonoManager ReloadAssembly
Native extension for LinuxStandalone target not found
Native extension for WindowsStandalone target not found
Native extension for OSXStandalone target not found
Native extension for WebGL target not found
Refreshing native plugins compatible for Editor in 0.55 ms, found 0 plugins.
Preloading 0 native plugins for Editor in 0.00 ms.
Invoked RoslynAnalysisRunner static constructor.
RoslynAnalysisRunner will not be running.
RoslynAnalysisRunner has terminated.
Mono: successfully reloaded assembly
- Completed reload, in  1.317 seconds
Platform modules already initialized, skipping
Shader 'Universal Render Pipeline/Particles/Lit': fallback shader 'Universal Render Pipeline/Particles/SimpleLit' not found
Refreshing native plugins compatible for Editor in 1.12 ms, found 0 plugins.
Preloading 0 native plugins for Editor in 0.00 ms.
Unloading 2349 Unused Serialized files (Serialized files now loaded: 0)
System memory in use before: 116.1 MB.
System memory in use after: 114.1 MB.

Unloading 39 unused Assets to reduce memory usage. Loaded Objects now: 3040.
Total: 6.244400 ms (FindLiveObjects: 0.307300 ms CreateObjectMapping: 0.220400 ms MarkObjects: 3.242400 ms  DeleteObjects: 2.472100 ms)

========================================================================
Received Prepare
Registering precompiled user dll's ...
Registered in 0.001764 seconds.
Begin MonoManager ReloadAssembly
Native extension for LinuxStandalone target not found
Native extension for WindowsStandalone target not found
Native extension for OSXStandalone target not found
Native extension for WebGL target not found
Refreshing native plugins compatible for Editor in 0.77 ms, found 0 plugins.
Preloading 0 native plugins for Editor in 0.00 ms.
Invoked RoslynAnalysisRunner static constructor.
RoslynAnalysisRunner will not be running.
RoslynAnalysisRunner has terminated.
Mono: successfully reloaded assembly
- Completed reload, in  1.331 seconds
Platform modules already initialized, skipping
Shader 'Universal Render Pipeline/Particles/Lit': fallback shader 'Universal Render Pipeline/Particles/SimpleLit' not found
Refreshing native plugins compatible for Editor in 0.49 ms, found 0 plugins.
Preloading 0 native plugins for Editor in 0.00 ms.
Unloading 2349 Unused Serialized files (Serialized files now loaded: 0)
System memory in use before: 116.2 MB.
System memory in use after: 114.1 MB.

Unloading 38 unused Assets to reduce memory usage. Loaded Objects now: 3043.
Total: 5.732100 ms (FindLiveObjects: 0.301900 ms CreateObjectMapping: 0.134600 ms MarkObjects: 3.000700 ms  DeleteObjects: 2.292800 ms)

========================================================================
Received Prepare
Registering precompiled user dll's ...
Registered in 0.001710 seconds.
Begin MonoManager ReloadAssembly
Native extension for LinuxStandalone target not found
Native extension for WindowsStandalone target not found
Native extension for OSXStandalone target not found
Native extension for WebGL target not found
Refreshing native plugins compatible for Editor in 0.85 ms, found 0 plugins.
Preloading 0 native plugins for Editor in 0.00 ms.
Invoked RoslynAnalysisRunner static constructor.
RoslynAnalysisRunner will not be running.
RoslynAnalysisRunner has terminated.
Mono: successfully reloaded assembly
- Completed reload, in  1.373 seconds
Platform modules already initialized, skipping
Shader 'Universal Render Pipeline/Particles/Lit': fallback shader 'Universal Render Pipeline/Particles/SimpleLit' not found
Refreshing native plugins compatible for Editor in 0.45 ms, found 0 plugins.
Preloading 0 native plugins for Editor in 0.00 ms.
Unloading 2349 Unused Serialized files (Serialized files now loaded: 0)
System memory in use before: 116.1 MB.
System memory in use after: 114.1 MB.

Unloading 38 unused Assets to reduce memory usage. Loaded Objects now: 3046.
Total: 5.034600 ms (FindLiveObjects: 0.460400 ms CreateObjectMapping: 0.204600 ms MarkObjects: 2.611900 ms  DeleteObjects: 1.755900 ms)

========================================================================
Received Prepare
Registering precompiled user dll's ...
Registered in 0.003432 seconds.
Begin MonoManager ReloadAssembly
Native extension for LinuxStandalone target not found
Native extension for WindowsStandalone target not found
Native extension for OSXStandalone target not found
Native extension for WebGL target not found
Refreshing native plugins compatible for Editor in 0.72 ms, found 0 plugins.
Preloading 0 native plugins for Editor in 0.00 ms.
Invoked RoslynAnalysisRunner static constructor.
RoslynAnalysisRunner will not be running.
RoslynAnalysisRunner has terminated.
Mono: successfully reloaded assembly
- Completed reload, in  2.231 seconds
Platform modules already initialized, skipping
Shader 'Universal Render Pipeline/Particles/Lit': fallback shader 'Universal Render Pipeline/Particles/SimpleLit' not found
Refreshing native plugins compatible for Editor in 0.63 ms, found 0 plugins.
Preloading 0 native plugins for Editor in 0.00 ms.
Unloading 2349 Unused Serialized files (Serialized files now loaded: 0)
System memory in use before: 116.1 MB.
System memory in use after: 114.0 MB.

Unloading 38 unused Assets to reduce memory usage. Loaded Objects now: 3049.
Total: 13.258400 ms (FindLiveObjects: 0.324500 ms CreateObjectMapping: 0.219500 ms MarkObjects: 3.066900 ms  DeleteObjects: 9.646200 ms)

========================================================================
Received Prepare
Registering precompiled user dll's ...
Registered in 0.002134 seconds.
Begin MonoManager ReloadAssembly
Native extension for LinuxStandalone target not found
Native extension for WindowsStandalone target not found
Native extension for OSXStandalone target not found
Native extension for WebGL target not found
Refreshing native plugins compatible for Editor in 0.46 ms, found 0 plugins.
Preloading 0 native plugins for Editor in 0.00 ms.
Invoked RoslynAnalysisRunner static constructor.
RoslynAnalysisRunner will not be running.
RoslynAnalysisRunner has terminated.
Mono: successfully reloaded assembly
- Completed reload, in  1.458 seconds
Platform modules already initialized, skipping
Shader 'Universal Render Pipeline/Particles/Lit': fallback shader 'Universal Render Pipeline/Particles/SimpleLit' not found
Refreshing native plugins compatible for Editor in 0.48 ms, found 0 plugins.
Preloading 0 native plugins for Editor in 0.00 ms.
Unloading 2349 Unused Serialized files (Serialized files now loaded: 0)
System memory in use before: 116.2 MB.
System memory in use after: 114.1 MB.

Unloading 38 unused Assets to reduce memory usage. Loaded Objects now: 3052.
Total: 5.517800 ms (FindLiveObjects: 0.309500 ms CreateObjectMapping: 0.170900 ms MarkObjects: 3.018000 ms  DeleteObjects: 2.017400 ms)

========================================================================
Received Import Request.
  Time since last request: 415.608453 seconds.
  path: Assets/Prefabs/Enemy.prefab
  artifactKey: Guid(3536a73388bc43646a50f299a116494d) Importer(815301076,1909f56bfc062723c751e8b465ee728b)
Start importing Assets/Prefabs/Enemy.prefab using Guid(3536a73388bc43646a50f299a116494d) Importer(815301076,1909f56bfc062723c751e8b465ee728b)  -> (artifact id: '891c14d5436e4854aec59607f967ca58') in 0.317883 seconds
  Import took 0.323569 seconds .

========================================================================
Received Prepare
Registering precompiled user dll's ...
Registered in 0.001814 seconds.
Begin MonoManager ReloadAssembly
Native extension for LinuxStandalone target not found
Native extension for WindowsStandalone target not found
Native extension for OSXStandalone target not found
Native extension for WebGL target not found
Refreshing native plugins compatible for Editor in 0.47 ms, found 0 plugins.
Preloading 0 native plugins for Editor in 0.00 ms.
Invoked RoslynAnalysisRunner static constructor.
RoslynAnalysisRunner will not be running.
RoslynAnalysisRunner has terminated.
Mono: successfully reloaded assembly
- Completed reload, in  1.519 seconds
Platform modules already initialized, skipping
Shader 'Universal Render Pipeline/Particles/Lit': fallback shader 'Universal Render Pipeline/Particles/SimpleLit' not found
Refreshing native plugins compatible for Editor in 0.65 ms, found 0 plugins.
Preloading 0 native plugins for Editor in 0.00 ms.
Unloading 2349 Unused Serialized files (Serialized files now loaded: 0)
System memory in use before: 116.3 MB.
System memory in use after: 114.3 MB.

Unloading 38 unused Assets to reduce memory usage. Loaded Objects now: 3092.
Total: 5.011400 ms (FindLiveObjects: 0.302300 ms CreateObjectMapping: 0.166500 ms MarkObjects: 2.730100 ms  DeleteObjects: 1.810900 ms)

========================================================================
Received Prepare
Registering precompiled user dll's ...
Registered in 0.002041 seconds.
Begin MonoManager ReloadAssembly
Native extension for LinuxStandalone target not found
Native extension for WindowsStandalone target not found
Native extension for OSXStandalone target not found
Native extension for WebGL target not found
Refreshing native plugins compatible for Editor in 0.42 ms, found 0 plugins.
Preloading 0 native plugins for Editor in 0.00 ms.
Invoked RoslynAnalysisRunner static constructor.
RoslynAnalysisRunner will not be running.
RoslynAnalysisRunner has terminated.
Mono: successfully reloaded assembly
- Completed reload, in  1.463 seconds
Platform modules already initialized, skipping
Shader 'Universal Render Pipeline/Particles/Lit': fallback shader 'Universal Render Pipeline/Particles/SimpleLit' not found
Refreshing native plugins compatible for Editor in 0.49 ms, found 0 plugins.
Preloading 0 native plugins for Editor in 0.00 ms.
Unloading 2349 Unused Serialized files (Serialized files now loaded: 0)
System memory in use before: 116.3 MB.
System memory in use after: 114.3 MB.

Unloading 38 unused Assets to reduce memory usage. Loaded Objects now: 3095.
Total: 6.210900 ms (FindLiveObjects: 0.620500 ms CreateObjectMapping: 0.296400 ms MarkObjects: 3.089300 ms  DeleteObjects: 2.203100 ms)

========================================================================
Received Prepare
Registering precompiled user dll's ...
Registered in 0.002861 seconds.
Begin MonoManager ReloadAssembly
Native extension for LinuxStandalone target not found
Native extension for WindowsStandalone target not found
Native extension for OSXStandalone target not found
Native extension for WebGL target not found
Refreshing native plugins compatible for Editor in 0.49 ms, found 0 plugins.
Preloading 0 native plugins for Editor in 0.00 ms.
Invoked RoslynAnalysisRunner static constructor.
RoslynAnalysisRunner will not be running.
RoslynAnalysisRunner has terminated.
Mono: successfully reloaded assembly
- Completed reload, in  2.353 seconds
Platform modules already initialized, skipping
Shader 'Universal Render Pipeline/Particles/Lit': fallback shader 'Universal Render Pipeline/Particles/SimpleLit' not found
Refreshing native plugins compatible for Editor in 2.33 ms, found 0 plugins.
Preloading 0 native plugins for Editor in 0.00 ms.
Unloading 2349 Unused Serialized files (Serialized files now loaded: 0)
System memory in use before: 116.3 MB.
System memory in use after: 114.3 MB.

Unloading 38 unused Assets to reduce memory usage. Loaded Objects now: 3098.
Total: 9.471200 ms (FindLiveObjects: 0.333300 ms CreateObjectMapping: 0.168000 ms MarkObjects: 6.672300 ms  DeleteObjects: 2.296100 ms)

========================================================================
Received Prepare
Registering precompiled user dll's ...
Registered in 0.002643 seconds.
Begin MonoManager ReloadAssembly
Native extension for LinuxStandalone target not found
Native extension for WindowsStandalone target not found
Native extension for OSXStandalone target not found
Native extension for WebGL target not found
Refreshing native plugins compatible for Editor in 0.82 ms, found 0 plugins.
Preloading 0 native plugins for Editor in 0.00 ms.
Invoked RoslynAnalysisRunner static constructor.
RoslynAnalysisRunner will not be running.
RoslynAnalysisRunner has terminated.
Mono: successfully reloaded assembly
- Completed reload, in  1.620 seconds
Platform modules already initialized, skipping
Shader 'Universal Render Pipeline/Particles/Lit': fallback shader 'Universal Render Pipeline/Particles/SimpleLit' not found
Refreshing native plugins compatible for Editor in 0.59 ms, found 0 plugins.
Preloading 0 native plugins for Editor in 0.00 ms.
Unloading 2349 Unused Serialized files (Serialized files now loaded: 0)
System memory in use before: 116.3 MB.
System memory in use after: 114.2 MB.

Unloading 38 unused Assets to reduce memory usage. Loaded Objects now: 3101.
Total: 10.062400 ms (FindLiveObjects: 0.435100 ms CreateObjectMapping: 0.170600 ms MarkObjects: 5.785400 ms  DeleteObjects: 3.669700 ms)

========================================================================
Received Prepare
Registering precompiled user dll's ...
Registered in 0.002643 seconds.
Begin MonoManager ReloadAssembly
Native extension for LinuxStandalone target not found
Native extension for WindowsStandalone target not found
Native extension for OSXStandalone target not found
Native extension for WebGL target not found
Refreshing native plugins compatible for Editor in 0.47 ms, found 0 plugins.
Preloading 0 native plugins for Editor in 0.00 ms.
Invoked RoslynAnalysisRunner static constructor.
RoslynAnalysisRunner will not be running.
RoslynAnalysisRunner has terminated.
Mono: successfully reloaded assembly
- Completed reload, in  1.551 seconds
Platform modules already initialized, skipping
Shader 'Universal Render Pipeline/Particles/Lit': fallback shader 'Universal Render Pipeline/Particles/SimpleLit' not found
Refreshing native plugins compatible for Editor in 0.56 ms, found 0 plugins.
Preloading 0 native plugins for Editor in 0.00 ms.
Unloading 2349 Unused Serialized files (Serialized files now loaded: 0)
System memory in use before: 116.3 MB.
System memory in use after: 114.3 MB.

Unloading 38 unused Assets to reduce memory usage. Loaded Objects now: 3104.
Total: 6.739800 ms (FindLiveObjects: 0.367500 ms CreateObjectMapping: 0.234200 ms MarkObjects: 2.649900 ms  DeleteObjects: 3.487100 ms)

========================================================================
Received Prepare
Registering precompiled user dll's ...
Registered in 0.002477 seconds.
Begin MonoManager ReloadAssembly
Native extension for LinuxStandalone target not found
Native extension for WindowsStandalone target not found
Native extension for OSXStandalone target not found
Native extension for WebGL target not found
Refreshing native plugins compatible for Editor in 0.58 ms, found 0 plugins.
Preloading 0 native plugins for Editor in 0.00 ms.
Invoked RoslynAnalysisRunner static constructor.
RoslynAnalysisRunner will not be running.
RoslynAnalysisRunner has terminated.
Mono: successfully reloaded assembly
- Completed reload, in  1.682 seconds
Platform modules already initialized, skipping
Shader 'Universal Render Pipeline/Particles/Lit': fallback shader 'Universal Render Pipeline/Particles/SimpleLit' not found
Refreshing native plugins compatible for Editor in 0.59 ms, found 0 plugins.
Preloading 0 native plugins for Editor in 0.00 ms.
Unloading 2349 Unused Serialized files (Serialized files now loaded: 0)
System memory in use before: 116.3 MB.
System memory in use after: 114.3 MB.

Unloading 38 unused Assets to reduce memory usage. Loaded Objects now: 3107.
Total: 7.090700 ms (FindLiveObjects: 0.397600 ms CreateObjectMapping: 0.154400 ms MarkObjects: 4.576400 ms  DeleteObjects: 1.961000 ms)

========================================================================
Received Prepare
Registering precompiled user dll's ...
Registered in 0.002012 seconds.
Begin MonoManager ReloadAssembly
Native extension for LinuxStandalone target not found
Native extension for WindowsStandalone target not found
Native extension for OSXStandalone target not found
Native extension for WebGL target not found
Refreshing native plugins compatible for Editor in 0.43 ms, found 0 plugins.
Preloading 0 native plugins for Editor in 0.00 ms.
Invoked RoslynAnalysisRunner static constructor.
RoslynAnalysisRunner will not be running.
RoslynAnalysisRunner has terminated.
Mono: successfully reloaded assembly
- Completed reload, in  1.228 seconds
Platform modules already initialized, skipping
Shader 'Universal Render Pipeline/Particles/Lit': fallback shader 'Universal Render Pipeline/Particles/SimpleLit' not found
Refreshing native plugins compatible for Editor in 1.11 ms, found 0 plugins.
Preloading 0 native plugins for Editor in 0.00 ms.
Unloading 2349 Unused Serialized files (Serialized files now loaded: 0)
System memory in use before: 116.4 MB.
System memory in use after: 114.3 MB.

Unloading 38 unused Assets to reduce memory usage. Loaded Objects now: 3110.
Total: 4.893300 ms (FindLiveObjects: 0.303600 ms CreateObjectMapping: 0.137100 ms MarkObjects: 2.574000 ms  DeleteObjects: 1.877300 ms)

AssetImportWorkerClient::OnTransportError - code=2 error=End of file
