Using pre-set license
Built from '2020.3/release' branch; Version is '2020.3.1f1 (77a89f25062f) revision 7841951'; Using compiler version '192528614'; Build Type 'Release'
OS: 'Windows 10 Education; OS build 18363.1500; Version 1909; 64bit' Language: 'en' Physical Memory: 24467 MB
BatchMode: 1, IsHumanControllingUs: 0, StartBugReporterOnCrash: 0, Is64bit: 1, IsPro: 0

 COMMAND LINE ARGUMENTS:
C:\Program Files\Unity\Hub\Editor\2020.3.1f1\Editor\Unity.exe
-adb2
-batchMode
-noUpm
-name
AssetImportWorker0
-projectPath
C:/Users/Hetsko/Documents/GitHub/Voxel-Towers/Voxel Towers
-logFile
Logs/AssetImportWorker0.log
-srvPort
55505
Successfully changed project path to: C:/Users/Hetsko/Documents/GitHub/Voxel-Towers/Voxel Towers
C:/Users/Hetsko/Documents/GitHub/Voxel-Towers/Voxel Towers
Using Asset Import Pipeline V2.
Refreshing native plugins compatible for Editor in 116.82 ms, found 0 plugins.
Preloading 0 native plugins for Editor in 0.00 ms.
Initialize engine version: 2020.3.1f1 (77a89f25062f)
[Subsystems] Discovering subsystems at path C:/Program Files/Unity/Hub/Editor/2020.3.1f1/Editor/Data/Resources/UnitySubsystems
[Subsystems] Discovering subsystems at path C:/Users/Hetsko/Documents/GitHub/Voxel-Towers/Voxel Towers/Assets
GfxDevice: creating device client; threaded=0
Direct3D:
    Version:  Direct3D 11.0 [level 11.1]
    Renderer: NVIDIA GeForce GTX 1660 SUPER (ID=0x21c4)
    Vendor:   
    VRAM:     5991 MB
    Driver:   27.21.14.5671
Shader 'Universal Render Pipeline/Particles/Lit': fallback shader 'Universal Render Pipeline/Particles/SimpleLit' not found
Initialize mono
Mono path[0] = 'C:/Program Files/Unity/Hub/Editor/2020.3.1f1/Editor/Data/Managed'
Mono path[1] = 'C:/Program Files/Unity/Hub/Editor/2020.3.1f1/Editor/Data/MonoBleedingEdge/lib/mono/unityjit'
Mono config path = 'C:/Program Files/Unity/Hub/Editor/2020.3.1f1/Editor/Data/MonoBleedingEdge/etc'
Using monoOptions --debugger-agent=transport=dt_socket,embedding=1,server=y,suspend=n,address=127.0.0.1:56612
Begin MonoManager ReloadAssembly
Registering precompiled unity dll's ...
Register platform support module: C:/Program Files/Unity/Hub/Editor/2020.3.1f1/Editor/Data/PlaybackEngines/WebGLSupport/UnityEditor.WebGL.Extensions.dll
Register platform support module: C:/Program Files/Unity/Hub/Editor/2020.3.1f1/Editor/Data/PlaybackEngines/MacStandaloneSupport/UnityEditor.OSXStandalone.Extensions.dll
Register platform support module: C:/Program Files/Unity/Hub/Editor/2020.3.1f1/Editor/Data/PlaybackEngines/WindowsStandaloneSupport/UnityEditor.WindowsStandalone.Extensions.dll
Register platform support module: C:/Program Files/Unity/Hub/Editor/2020.3.1f1/Editor/Data/PlaybackEngines/LinuxStandaloneSupport/UnityEditor.LinuxStandalone.Extensions.dll
Registered in 0.010670 seconds.
Native extension for LinuxStandalone target not found
Native extension for WindowsStandalone target not found
Native extension for OSXStandalone target not found
Native extension for WebGL target not found
Refreshing native plugins compatible for Editor in 261.35 ms, found 0 plugins.
Preloading 0 native plugins for Editor in 0.00 ms.
Invoked RoslynAnalysisRunner static constructor.
RoslynAnalysisRunner will not be running.
RoslynAnalysisRunner has terminated.
Mono: successfully reloaded assembly
- Completed reload, in  3.125 seconds
Platform modules already initialized, skipping
Registering precompiled user dll's ...
Registered in 0.003751 seconds.
Begin MonoManager ReloadAssembly
Native extension for LinuxStandalone target not found
Native extension for WindowsStandalone target not found
Native extension for OSXStandalone target not found
Native extension for WebGL target not found
Refreshing native plugins compatible for Editor in 149.39 ms, found 0 plugins.
Preloading 0 native plugins for Editor in 0.00 ms.
Invoked RoslynAnalysisRunner static constructor.
RoslynAnalysisRunner will not be running.
RoslynAnalysisRunner has terminated.
Mono: successfully reloaded assembly
- Completed reload, in  3.059 seconds
Platform modules already initialized, skipping
========================================================================
Worker process is ready to serve import requests
Shader 'Universal Render Pipeline/Particles/Lit': fallback shader 'Universal Render Pipeline/Particles/SimpleLit' not found
Launched and connected shader compiler UnityShaderCompiler.exe after 0.18 seconds
Refreshing native plugins compatible for Editor in 1.28 ms, found 0 plugins.
Preloading 0 native plugins for Editor in 0.00 ms.
Unloading 2591 Unused Serialized files (Serialized files now loaded: 0)
System memory in use before: 130.4 MB.
System memory in use after: 130.6 MB.

Unloading 10 unused Assets to reduce memory usage. Loaded Objects now: 3042.
Total: 4.831000 ms (FindLiveObjects: 0.356000 ms CreateObjectMapping: 0.300200 ms MarkObjects: 4.070700 ms  DeleteObjects: 0.102200 ms)

========================================================================
Received Import Request.
  path: Assets/Prefabs/Tower Cannon.prefab
  artifactKey: Guid(307fb58a2c3d2d247971700aa751e384) Importer(815301076,1909f56bfc062723c751e8b465ee728b)
Start importing Assets/Prefabs/Tower Cannon.prefab using Guid(307fb58a2c3d2d247971700aa751e384) Importer(815301076,1909f56bfc062723c751e8b465ee728b)  -> (artifact id: 'f086b0c716ff25fba02b79ae1d734dd3') in 0.896666 seconds
  Import took 0.918682 seconds .

========================================================================
Received Import Request.
  Time since last request: 0.000212 seconds.
  path: Assets/Prefabs/Tower Cannon.prefab
  artifactKey: Guid(307fb58a2c3d2d247971700aa751e384) Importer(815301076,1909f56bfc062723c751e8b465ee728b)
Start importing Assets/Prefabs/Tower Cannon.prefab using Guid(307fb58a2c3d2d247971700aa751e384) Importer(815301076,1909f56bfc062723c751e8b465ee728b)  -> (artifact id: 'b23c1e31adda0ccd4f1a605bd9d78068') in 0.091449 seconds
  Import took 0.113840 seconds .

========================================================================
Received Prepare
Registering precompiled user dll's ...
Registered in 0.004757 seconds.
Begin MonoManager ReloadAssembly
Native extension for LinuxStandalone target not found
Native extension for WindowsStandalone target not found
Native extension for OSXStandalone target not found
Native extension for WebGL target not found
Refreshing native plugins compatible for Editor in 0.83 ms, found 0 plugins.
Preloading 0 native plugins for Editor in 0.00 ms.
Invoked RoslynAnalysisRunner static constructor.
RoslynAnalysisRunner will not be running.
RoslynAnalysisRunner has terminated.
Mono: successfully reloaded assembly
- Completed reload, in  6.658 seconds
Platform modules already initialized, skipping
Shader 'Universal Render Pipeline/Particles/Lit': fallback shader 'Universal Render Pipeline/Particles/SimpleLit' not found
Refreshing native plugins compatible for Editor in 0.68 ms, found 0 plugins.
Preloading 0 native plugins for Editor in 0.00 ms.
Unloading 2436 Unused Serialized files (Serialized files now loaded: 0)
System memory in use before: 126.4 MB.
System memory in use after: 126.6 MB.

Unloading 5 unused Assets to reduce memory usage. Loaded Objects now: 3092.
Total: 5.132600 ms (FindLiveObjects: 0.492900 ms CreateObjectMapping: 0.220400 ms MarkObjects: 4.265600 ms  DeleteObjects: 0.151300 ms)

