Using pre-set license
Built from '2020.3/release' branch; Version is '2020.3.1f1 (77a89f25062f) revision 7841951'; Using compiler version '192528614'; Build Type 'Release'
OS: 'Windows 10 Education; OS build 18363.1440; Version 1909; 64bit' Language: 'en' Physical Memory: 24467 MB
BatchMode: 1, IsHumanControllingUs: 0, StartBugReporterOnCrash: 0, Is64bit: 1, IsPro: 0

 COMMAND LINE ARGUMENTS:
C:\Program Files\Unity\Hub\Editor\2020.3.1f1\Editor\Unity.exe
-adb2
-batchMode
-noUpm
-name
AssetImportWorker2
-projectPath
C:/Users/Hetsko/Documents/GitHub/Voxel-Towers/Voxel Towers
-logFile
Logs/AssetImportWorker2.log
-srvPort
50820
Successfully changed project path to: C:/Users/Hetsko/Documents/GitHub/Voxel-Towers/Voxel Towers
C:/Users/Hetsko/Documents/GitHub/Voxel-Towers/Voxel Towers
Using Asset Import Pipeline V2.
Refreshing native plugins compatible for Editor in 84.81 ms, found 0 plugins.
Preloading 0 native plugins for Editor in 0.00 ms.
Initialize engine version: 2020.3.1f1 (77a89f25062f)
[Subsystems] Discovering subsystems at path C:/Program Files/Unity/Hub/Editor/2020.3.1f1/Editor/Data/Resources/UnitySubsystems
[Subsystems] Discovering subsystems at path C:/Users/Hetsko/Documents/GitHub/Voxel-Towers/Voxel Towers/Assets
GfxDevice: creating device client; threaded=0
Direct3D:
    Version:  Direct3D 11.0 [level 11.1]
    Renderer: NVIDIA GeForce GTX 1660 SUPER (ID=0x21c4)
    Vendor:   
    VRAM:     5991 MB
    Driver:   27.21.14.5671
Shader 'Universal Render Pipeline/Particles/Lit': fallback shader 'Universal Render Pipeline/Particles/SimpleLit' not found
Initialize mono
Mono path[0] = 'C:/Program Files/Unity/Hub/Editor/2020.3.1f1/Editor/Data/Managed'
Mono path[1] = 'C:/Program Files/Unity/Hub/Editor/2020.3.1f1/Editor/Data/MonoBleedingEdge/lib/mono/unityjit'
Mono config path = 'C:/Program Files/Unity/Hub/Editor/2020.3.1f1/Editor/Data/MonoBleedingEdge/etc'
Using monoOptions --debugger-agent=transport=dt_socket,embedding=1,server=y,suspend=n,address=127.0.0.1:56028
Begin MonoManager ReloadAssembly
Registering precompiled unity dll's ...
Register platform support module: C:/Program Files/Unity/Hub/Editor/2020.3.1f1/Editor/Data/PlaybackEngines/WebGLSupport/UnityEditor.WebGL.Extensions.dll
Register platform support module: C:/Program Files/Unity/Hub/Editor/2020.3.1f1/Editor/Data/PlaybackEngines/MacStandaloneSupport/UnityEditor.OSXStandalone.Extensions.dll
Register platform support module: C:/Program Files/Unity/Hub/Editor/2020.3.1f1/Editor/Data/PlaybackEngines/WindowsStandaloneSupport/UnityEditor.WindowsStandalone.Extensions.dll
Register platform support module: C:/Program Files/Unity/Hub/Editor/2020.3.1f1/Editor/Data/PlaybackEngines/LinuxStandaloneSupport/UnityEditor.LinuxStandalone.Extensions.dll
Registered in 0.006672 seconds.
Native extension for LinuxStandalone target not found
Native extension for WindowsStandalone target not found
Native extension for OSXStandalone target not found
Native extension for WebGL target not found
Refreshing native plugins compatible for Editor in 105.38 ms, found 0 plugins.
Preloading 0 native plugins for Editor in 0.00 ms.
Invoked RoslynAnalysisRunner static constructor.
RoslynAnalysisRunner will not be running.
RoslynAnalysisRunner has terminated.
Mono: successfully reloaded assembly
- Completed reload, in  2.883 seconds
Platform modules already initialized, skipping
Registering precompiled user dll's ...
Registered in 0.002055 seconds.
Begin MonoManager ReloadAssembly
Native extension for LinuxStandalone target not found
Native extension for WindowsStandalone target not found
Native extension for OSXStandalone target not found
Native extension for WebGL target not found
Refreshing native plugins compatible for Editor in 111.02 ms, found 0 plugins.
Preloading 0 native plugins for Editor in 0.00 ms.
Invoked RoslynAnalysisRunner static constructor.
RoslynAnalysisRunner will not be running.
RoslynAnalysisRunner has terminated.
Mono: successfully reloaded assembly
- Completed reload, in  1.999 seconds
Platform modules already initialized, skipping
========================================================================
Worker process is ready to serve import requests
Shader 'Universal Render Pipeline/Particles/Lit': fallback shader 'Universal Render Pipeline/Particles/SimpleLit' not found
Launched and connected shader compiler UnityShaderCompiler.exe after 0.16 seconds
Refreshing native plugins compatible for Editor in 2.63 ms, found 0 plugins.
Preloading 0 native plugins for Editor in 0.00 ms.
Unloading 2560 Unused Serialized files (Serialized files now loaded: 0)
System memory in use before: 123.9 MB.
System memory in use after: 121.9 MB.

Unloading 40 unused Assets to reduce memory usage. Loaded Objects now: 2977.
Total: 4.363700 ms (FindLiveObjects: 0.319900 ms CreateObjectMapping: 0.190000 ms MarkObjects: 2.422600 ms  DeleteObjects: 1.429200 ms)

========================================================================
Received Import Request.
  path: Assets/Voxel Tower/GameObject.prefab
  artifactKey: Guid(0d1d2da686007114f8c81b8781b1a277) Importer(815301076,1909f56bfc062723c751e8b465ee728b)
Start importing Assets/Voxel Tower/GameObject.prefab using Guid(0d1d2da686007114f8c81b8781b1a277) Importer(815301076,1909f56bfc062723c751e8b465ee728b)  -> (artifact id: 'acc3cae0ee9ab2ae55f04b4156ac417b') in 0.601214 seconds
  Import took 0.609514 seconds .

========================================================================
Received Import Request.
  Time since last request: 0.000186 seconds.
  path: Assets/Voxel Tower/palette.mat
  artifactKey: Guid(1d9d9b36a5896cd46afb2895499dffad) Importer(815301076,1909f56bfc062723c751e8b465ee728b)
Start importing Assets/Voxel Tower/palette.mat using Guid(1d9d9b36a5896cd46afb2895499dffad) Importer(815301076,1909f56bfc062723c751e8b465ee728b)  -> (artifact id: '5bba2cf052fd201695bf62062ba4fcce') in 0.075025 seconds
  Import took 0.082925 seconds .

========================================================================
Received Import Request.
  Time since last request: 0.000220 seconds.
  path: Assets/Voxel Tower/tower.obj
  artifactKey: Guid(06d344a783ebd694f84de1380ad19f67) Importer(815301076,1909f56bfc062723c751e8b465ee728b)
Start importing Assets/Voxel Tower/tower.obj using Guid(06d344a783ebd694f84de1380ad19f67) Importer(815301076,1909f56bfc062723c751e8b465ee728b)  -> (artifact id: '4f6afecfcb969a9e0d8956f811093307') in 0.128046 seconds
  Import took 0.134035 seconds .

========================================================================
Received Import Request.
  Time since last request: 78.114998 seconds.
  path: Assets/Voxel Tower/palette 1.mat
  artifactKey: Guid(4c4aeb0c297882a40b4ef0e79d700c75) Importer(815301076,1909f56bfc062723c751e8b465ee728b)
Start importing Assets/Voxel Tower/palette 1.mat using Guid(4c4aeb0c297882a40b4ef0e79d700c75) Importer(815301076,1909f56bfc062723c751e8b465ee728b)  -> (artifact id: 'da0b0f244fdc963f27a96af9b8035a6e') in 0.059068 seconds
  Import took 0.090227 seconds .

========================================================================
Received Import Request.
  Time since last request: 0.000327 seconds.
  path: Assets/Voxel Tower/palette.mat
  artifactKey: Guid(1d9d9b36a5896cd46afb2895499dffad) Importer(815301076,1909f56bfc062723c751e8b465ee728b)
Start importing Assets/Voxel Tower/palette.mat using Guid(1d9d9b36a5896cd46afb2895499dffad) Importer(815301076,1909f56bfc062723c751e8b465ee728b)  -> (artifact id: '0ff466bca338e894643d931a8249cb34') in 0.052246 seconds
  Import took 0.064243 seconds .

========================================================================
Received Import Request.
  Time since last request: 0.000197 seconds.
  path: Assets/Voxel Tower/TowerBreakable.obj
  artifactKey: Guid(f8b74ec9ae27b2a4eadfdb7c4842f369) Importer(815301076,1909f56bfc062723c751e8b465ee728b)
Start importing Assets/Voxel Tower/TowerBreakable.obj using Guid(f8b74ec9ae27b2a4eadfdb7c4842f369) Importer(815301076,1909f56bfc062723c751e8b465ee728b)  -> (artifact id: '8e34769dc064a6d2fed98a70179d33a5') in 0.056415 seconds
  Import took 0.061923 seconds .

========================================================================
Received Prepare
Registering precompiled user dll's ...
Registered in 0.008991 seconds.
Begin MonoManager ReloadAssembly
Native extension for LinuxStandalone target not found
Native extension for WindowsStandalone target not found
Native extension for OSXStandalone target not found
Native extension for WebGL target not found
Refreshing native plugins compatible for Editor in 0.46 ms, found 0 plugins.
Preloading 0 native plugins for Editor in 0.00 ms.
Invoked RoslynAnalysisRunner static constructor.
RoslynAnalysisRunner will not be running.
RoslynAnalysisRunner has terminated.
Mono: successfully reloaded assembly
- Completed reload, in  2.357 seconds
Platform modules already initialized, skipping
Shader 'Universal Render Pipeline/Particles/Lit': fallback shader 'Universal Render Pipeline/Particles/SimpleLit' not found
Refreshing native plugins compatible for Editor in 5.17 ms, found 0 plugins.
Preloading 0 native plugins for Editor in 0.00 ms.
Unloading 2440 Unused Serialized files (Serialized files now loaded: 0)
System memory in use before: 122.8 MB.
System memory in use after: 121.0 MB.

Unloading 35 unused Assets to reduce memory usage. Loaded Objects now: 3061.
Total: 7.557800 ms (FindLiveObjects: 0.376700 ms CreateObjectMapping: 0.260500 ms MarkObjects: 5.427000 ms  DeleteObjects: 1.491800 ms)

========================================================================
Received Prepare
Registering precompiled user dll's ...
Registered in 0.002165 seconds.
Begin MonoManager ReloadAssembly
Native extension for LinuxStandalone target not found
Native extension for WindowsStandalone target not found
Native extension for OSXStandalone target not found
Native extension for WebGL target not found
Refreshing native plugins compatible for Editor in 0.47 ms, found 0 plugins.
Preloading 0 native plugins for Editor in 0.00 ms.
Invoked RoslynAnalysisRunner static constructor.
RoslynAnalysisRunner will not be running.
RoslynAnalysisRunner has terminated.
Mono: successfully reloaded assembly
- Completed reload, in  2.160 seconds
Platform modules already initialized, skipping
Shader 'Universal Render Pipeline/Particles/Lit': fallback shader 'Universal Render Pipeline/Particles/SimpleLit' not found
Refreshing native plugins compatible for Editor in 0.49 ms, found 0 plugins.
Preloading 0 native plugins for Editor in 0.00 ms.
Unloading 2440 Unused Serialized files (Serialized files now loaded: 0)
System memory in use before: 123.0 MB.
System memory in use after: 121.1 MB.

Unloading 35 unused Assets to reduce memory usage. Loaded Objects now: 3064.
Total: 9.005000 ms (FindLiveObjects: 0.513900 ms CreateObjectMapping: 0.360000 ms MarkObjects: 6.481000 ms  DeleteObjects: 1.648500 ms)

========================================================================
Received Import Request.
  Time since last request: 265.770654 seconds.
  path: Assets/Voxel Tower/palette.mat
  artifactKey: Guid(1d9d9b36a5896cd46afb2895499dffad) Importer(815301076,1909f56bfc062723c751e8b465ee728b)
Start importing Assets/Voxel Tower/palette.mat using Guid(1d9d9b36a5896cd46afb2895499dffad) Importer(815301076,1909f56bfc062723c751e8b465ee728b)  -> (artifact id: 'a32092791a9c18b6a2cec131482673b7') in 0.456692 seconds
  Import took 0.467184 seconds .

========================================================================
Received Prepare
Registering precompiled user dll's ...
Registered in 0.001760 seconds.
Begin MonoManager ReloadAssembly
Native extension for LinuxStandalone target not found
Native extension for WindowsStandalone target not found
Native extension for OSXStandalone target not found
Native extension for WebGL target not found
Refreshing native plugins compatible for Editor in 0.45 ms, found 0 plugins.
Preloading 0 native plugins for Editor in 0.00 ms.
Invoked RoslynAnalysisRunner static constructor.
RoslynAnalysisRunner will not be running.
RoslynAnalysisRunner has terminated.
Mono: successfully reloaded assembly
- Completed reload, in  2.707 seconds
Platform modules already initialized, skipping
Shader 'Universal Render Pipeline/Particles/Lit': fallback shader 'Universal Render Pipeline/Particles/SimpleLit' not found
Refreshing native plugins compatible for Editor in 1.95 ms, found 0 plugins.
Preloading 0 native plugins for Editor in 0.00 ms.
Unloading 2440 Unused Serialized files (Serialized files now loaded: 0)
System memory in use before: 123.1 MB.
System memory in use after: 121.2 MB.

Unloading 35 unused Assets to reduce memory usage. Loaded Objects now: 3103.
Total: 7.936600 ms (FindLiveObjects: 0.329900 ms CreateObjectMapping: 0.210000 ms MarkObjects: 5.993500 ms  DeleteObjects: 1.401800 ms)

========================================================================
Received Import Request.
  Time since last request: 308.075667 seconds.
  path: Assets/Projectile/palette.mat
  artifactKey: Guid(913413d29752cf44ebb331d49c5a5f49) Importer(815301076,1909f56bfc062723c751e8b465ee728b)
Start importing Assets/Projectile/palette.mat using Guid(913413d29752cf44ebb331d49c5a5f49) Importer(815301076,1909f56bfc062723c751e8b465ee728b)  -> (artifact id: '60f603f2fc306e10f8207a344e66a091') in 0.323524 seconds
  Import took 0.374611 seconds .

========================================================================
Received Import Request.
  Time since last request: 0.183082 seconds.
  path: Assets/Prefabs/tower Variant.prefab
  artifactKey: Guid(36cae2a4682a03b44951503cddb8aa3c) Importer(815301076,1909f56bfc062723c751e8b465ee728b)
Start importing Assets/Prefabs/tower Variant.prefab using Guid(36cae2a4682a03b44951503cddb8aa3c) Importer(815301076,1909f56bfc062723c751e8b465ee728b)  -> (artifact id: 'ca727dbca28b695c5d9ebefe995a5273') in 0.095205 seconds
  Import took 0.106659 seconds .

========================================================================
Received Prepare
Registering precompiled user dll's ...
Registered in 0.001925 seconds.
Begin MonoManager ReloadAssembly
Native extension for LinuxStandalone target not found
Native extension for WindowsStandalone target not found
Native extension for OSXStandalone target not found
Native extension for WebGL target not found
Refreshing native plugins compatible for Editor in 0.61 ms, found 0 plugins.
Preloading 0 native plugins for Editor in 0.00 ms.
Invoked RoslynAnalysisRunner static constructor.
RoslynAnalysisRunner will not be running.
RoslynAnalysisRunner has terminated.
Mono: successfully reloaded assembly
- Completed reload, in  1.993 seconds
Platform modules already initialized, skipping
Shader 'Universal Render Pipeline/Particles/Lit': fallback shader 'Universal Render Pipeline/Particles/SimpleLit' not found
Refreshing native plugins compatible for Editor in 0.79 ms, found 0 plugins.
Preloading 0 native plugins for Editor in 0.00 ms.
Unloading 2440 Unused Serialized files (Serialized files now loaded: 0)
System memory in use before: 123.3 MB.
System memory in use after: 121.4 MB.

Unloading 35 unused Assets to reduce memory usage. Loaded Objects now: 3143.
Total: 8.029000 ms (FindLiveObjects: 0.675600 ms CreateObjectMapping: 0.219300 ms MarkObjects: 5.438700 ms  DeleteObjects: 1.692900 ms)

========================================================================
Received Prepare
Registering precompiled user dll's ...
Registered in 0.002008 seconds.
Begin MonoManager ReloadAssembly
Native extension for LinuxStandalone target not found
Native extension for WindowsStandalone target not found
Native extension for OSXStandalone target not found
Native extension for WebGL target not found
Refreshing native plugins compatible for Editor in 0.47 ms, found 0 plugins.
Preloading 0 native plugins for Editor in 0.00 ms.
Invoked RoslynAnalysisRunner static constructor.
RoslynAnalysisRunner will not be running.
RoslynAnalysisRunner has terminated.
Mono: successfully reloaded assembly
- Completed reload, in  2.660 seconds
Platform modules already initialized, skipping
Shader 'Universal Render Pipeline/Particles/Lit': fallback shader 'Universal Render Pipeline/Particles/SimpleLit' not found
Refreshing native plugins compatible for Editor in 0.47 ms, found 0 plugins.
Preloading 0 native plugins for Editor in 0.00 ms.
Unloading 2440 Unused Serialized files (Serialized files now loaded: 0)
System memory in use before: 123.2 MB.
System memory in use after: 121.3 MB.

Unloading 35 unused Assets to reduce memory usage. Loaded Objects now: 3146.
Total: 5.802300 ms (FindLiveObjects: 0.331700 ms CreateObjectMapping: 0.142000 ms MarkObjects: 2.130300 ms  DeleteObjects: 3.197000 ms)

========================================================================
Received Prepare
Registering precompiled user dll's ...
Registered in 0.002869 seconds.
Begin MonoManager ReloadAssembly
Native extension for LinuxStandalone target not found
Native extension for WindowsStandalone target not found
Native extension for OSXStandalone target not found
Native extension for WebGL target not found
Refreshing native plugins compatible for Editor in 0.69 ms, found 0 plugins.
Preloading 0 native plugins for Editor in 0.00 ms.
Invoked RoslynAnalysisRunner static constructor.
RoslynAnalysisRunner will not be running.
RoslynAnalysisRunner has terminated.
Mono: successfully reloaded assembly
- Completed reload, in  1.354 seconds
Platform modules already initialized, skipping
Shader 'Universal Render Pipeline/Particles/Lit': fallback shader 'Universal Render Pipeline/Particles/SimpleLit' not found
Refreshing native plugins compatible for Editor in 0.71 ms, found 0 plugins.
Preloading 0 native plugins for Editor in 0.00 ms.
Unloading 2440 Unused Serialized files (Serialized files now loaded: 0)
System memory in use before: 123.3 MB.
System memory in use after: 121.4 MB.

Unloading 35 unused Assets to reduce memory usage. Loaded Objects now: 3149.
Total: 5.394700 ms (FindLiveObjects: 0.332400 ms CreateObjectMapping: 0.130700 ms MarkObjects: 2.716800 ms  DeleteObjects: 2.213100 ms)

========================================================================
Received Prepare
Registering precompiled user dll's ...
Registered in 0.005014 seconds.
Begin MonoManager ReloadAssembly
Native extension for LinuxStandalone target not found
Native extension for WindowsStandalone target not found
Native extension for OSXStandalone target not found
Native extension for WebGL target not found
Refreshing native plugins compatible for Editor in 0.45 ms, found 0 plugins.
Preloading 0 native plugins for Editor in 0.00 ms.
Invoked RoslynAnalysisRunner static constructor.
RoslynAnalysisRunner will not be running.
RoslynAnalysisRunner has terminated.
Mono: successfully reloaded assembly
- Completed reload, in  1.304 seconds
Platform modules already initialized, skipping
Shader 'Universal Render Pipeline/Particles/Lit': fallback shader 'Universal Render Pipeline/Particles/SimpleLit' not found
Refreshing native plugins compatible for Editor in 0.47 ms, found 0 plugins.
Preloading 0 native plugins for Editor in 0.00 ms.
Unloading 2440 Unused Serialized files (Serialized files now loaded: 0)
System memory in use before: 123.3 MB.
System memory in use after: 121.5 MB.

Unloading 35 unused Assets to reduce memory usage. Loaded Objects now: 3152.
Total: 5.956700 ms (FindLiveObjects: 0.567600 ms CreateObjectMapping: 0.305900 ms MarkObjects: 3.397100 ms  DeleteObjects: 1.684500 ms)

========================================================================
Received Import Request.
  Time since last request: 32680.985937 seconds.
  path: Assets/Voxel Tower/palette.mat
  artifactKey: Guid(1d9d9b36a5896cd46afb2895499dffad) Importer(815301076,1909f56bfc062723c751e8b465ee728b)
Start importing Assets/Voxel Tower/palette.mat using Guid(1d9d9b36a5896cd46afb2895499dffad) Importer(815301076,1909f56bfc062723c751e8b465ee728b)  -> (artifact id: 'fb31002898452be8fa7c8b89105d2df2') in 0.274846 seconds
  Import took 0.280182 seconds .

========================================================================
Received Import Request.
  Time since last request: 0.000236 seconds.
  path: Assets/Projectile/palette.mat
  artifactKey: Guid(913413d29752cf44ebb331d49c5a5f49) Importer(815301076,1909f56bfc062723c751e8b465ee728b)
Start importing Assets/Projectile/palette.mat using Guid(913413d29752cf44ebb331d49c5a5f49) Importer(815301076,1909f56bfc062723c751e8b465ee728b)  -> (artifact id: '7d291c575f903f0a77a0373f7d2b8ff2') in 0.058539 seconds
  Import took 0.067985 seconds .

========================================================================
Received Import Request.
  Time since last request: 723.061164 seconds.
  path: Assets/Prefabs/(0, 0).prefab
  artifactKey: Guid(f187d0fed0ee4d64fb86b197e3a8ddf0) Importer(815301076,1909f56bfc062723c751e8b465ee728b)
Start importing Assets/Prefabs/(0, 0).prefab using Guid(f187d0fed0ee4d64fb86b197e3a8ddf0) Importer(815301076,1909f56bfc062723c751e8b465ee728b)  -> (artifact id: '0a900ad90be0947abd6550c32797010f') in 0.337255 seconds
  Import took 0.349394 seconds .

========================================================================
Received Prepare
Registering precompiled user dll's ...
Registered in 0.003034 seconds.
Begin MonoManager ReloadAssembly
Native extension for LinuxStandalone target not found
Native extension for WindowsStandalone target not found
Native extension for OSXStandalone target not found
Native extension for WebGL target not found
Refreshing native plugins compatible for Editor in 0.55 ms, found 0 plugins.
Preloading 0 native plugins for Editor in 0.00 ms.
Invoked RoslynAnalysisRunner static constructor.
RoslynAnalysisRunner will not be running.
RoslynAnalysisRunner has terminated.
Mono: successfully reloaded assembly
- Completed reload, in  1.511 seconds
Platform modules already initialized, skipping
Shader 'Universal Render Pipeline/Particles/Lit': fallback shader 'Universal Render Pipeline/Particles/SimpleLit' not found
Refreshing native plugins compatible for Editor in 0.54 ms, found 0 plugins.
Preloading 0 native plugins for Editor in 0.00 ms.
Unloading 2440 Unused Serialized files (Serialized files now loaded: 0)
System memory in use before: 123.5 MB.
System memory in use after: 121.6 MB.

Unloading 35 unused Assets to reduce memory usage. Loaded Objects now: 3191.
Total: 5.805500 ms (FindLiveObjects: 0.657900 ms CreateObjectMapping: 0.394300 ms MarkObjects: 2.737100 ms  DeleteObjects: 2.014600 ms)

========================================================================
Received Import Request.
  Time since last request: 134.195421 seconds.
  path: Assets/Prefabs/tower Variant.prefab
  artifactKey: Guid(36cae2a4682a03b44951503cddb8aa3c) Importer(815301076,1909f56bfc062723c751e8b465ee728b)
Start importing Assets/Prefabs/tower Variant.prefab using Guid(36cae2a4682a03b44951503cddb8aa3c) Importer(815301076,1909f56bfc062723c751e8b465ee728b)  -> (artifact id: 'd10fb43927c2ed5acb302343cc8d0b8b') in 0.261917 seconds
  Import took 0.268564 seconds .

========================================================================
Received Prepare
Registering precompiled user dll's ...
Registered in 0.002464 seconds.
Begin MonoManager ReloadAssembly
Native extension for LinuxStandalone target not found
Native extension for WindowsStandalone target not found
Native extension for OSXStandalone target not found
Native extension for WebGL target not found
Refreshing native plugins compatible for Editor in 0.44 ms, found 0 plugins.
Preloading 0 native plugins for Editor in 0.00 ms.
Invoked RoslynAnalysisRunner static constructor.
RoslynAnalysisRunner will not be running.
RoslynAnalysisRunner has terminated.
Mono: successfully reloaded assembly
- Completed reload, in  1.540 seconds
Platform modules already initialized, skipping
Shader 'Universal Render Pipeline/Particles/Lit': fallback shader 'Universal Render Pipeline/Particles/SimpleLit' not found
Refreshing native plugins compatible for Editor in 0.53 ms, found 0 plugins.
Preloading 0 native plugins for Editor in 0.00 ms.
Unloading 2440 Unused Serialized files (Serialized files now loaded: 0)
System memory in use before: 123.7 MB.
System memory in use after: 121.7 MB.

Unloading 35 unused Assets to reduce memory usage. Loaded Objects now: 3230.
Total: 6.191900 ms (FindLiveObjects: 0.515600 ms CreateObjectMapping: 0.190300 ms MarkObjects: 2.849600 ms  DeleteObjects: 2.635100 ms)

========================================================================
Received Prepare
Registering precompiled user dll's ...
Registered in 0.002590 seconds.
Begin MonoManager ReloadAssembly
Native extension for LinuxStandalone target not found
Native extension for WindowsStandalone target not found
Native extension for OSXStandalone target not found
Native extension for WebGL target not found
Refreshing native plugins compatible for Editor in 0.49 ms, found 0 plugins.
Preloading 0 native plugins for Editor in 0.00 ms.
Invoked RoslynAnalysisRunner static constructor.
RoslynAnalysisRunner will not be running.
RoslynAnalysisRunner has terminated.
Mono: successfully reloaded assembly
- Completed reload, in  1.687 seconds
Platform modules already initialized, skipping
Shader 'Universal Render Pipeline/Particles/Lit': fallback shader 'Universal Render Pipeline/Particles/SimpleLit' not found
Refreshing native plugins compatible for Editor in 0.54 ms, found 0 plugins.
Preloading 0 native plugins for Editor in 0.00 ms.
Unloading 2440 Unused Serialized files (Serialized files now loaded: 0)
System memory in use before: 123.6 MB.
System memory in use after: 121.7 MB.

Unloading 35 unused Assets to reduce memory usage. Loaded Objects now: 3233.
Total: 6.088300 ms (FindLiveObjects: 0.469900 ms CreateObjectMapping: 0.190300 ms MarkObjects: 3.260700 ms  DeleteObjects: 2.165700 ms)

========================================================================
Received Prepare
Registering precompiled user dll's ...
Registered in 0.002851 seconds.
Begin MonoManager ReloadAssembly
Native extension for LinuxStandalone target not found
Native extension for WindowsStandalone target not found
Native extension for OSXStandalone target not found
Native extension for WebGL target not found
Refreshing native plugins compatible for Editor in 0.67 ms, found 0 plugins.
Preloading 0 native plugins for Editor in 0.00 ms.
Invoked RoslynAnalysisRunner static constructor.
RoslynAnalysisRunner will not be running.
RoslynAnalysisRunner has terminated.
Mono: successfully reloaded assembly
- Completed reload, in  2.135 seconds
Platform modules already initialized, skipping
Shader 'Universal Render Pipeline/Particles/Lit': fallback shader 'Universal Render Pipeline/Particles/SimpleLit' not found
Refreshing native plugins compatible for Editor in 0.71 ms, found 0 plugins.
Preloading 0 native plugins for Editor in 0.00 ms.
Unloading 2440 Unused Serialized files (Serialized files now loaded: 0)
System memory in use before: 123.6 MB.
System memory in use after: 121.8 MB.

Unloading 35 unused Assets to reduce memory usage. Loaded Objects now: 3236.
Total: 6.341900 ms (FindLiveObjects: 0.336300 ms CreateObjectMapping: 0.157700 ms MarkObjects: 3.705300 ms  DeleteObjects: 2.141100 ms)

========================================================================
Received Import Request.
  Time since last request: 481.601599 seconds.
  path: Assets/Prefabs/tower Variant.prefab
  artifactKey: Guid(36cae2a4682a03b44951503cddb8aa3c) Importer(815301076,1909f56bfc062723c751e8b465ee728b)
Start importing Assets/Prefabs/tower Variant.prefab using Guid(36cae2a4682a03b44951503cddb8aa3c) Importer(815301076,1909f56bfc062723c751e8b465ee728b)  -> (artifact id: '0a1675479aa414c00c55eb4a7d232275') in 0.253547 seconds
  Import took 0.261913 seconds .

========================================================================
Received Prepare
Registering precompiled user dll's ...
Registered in 0.004500 seconds.
Begin MonoManager ReloadAssembly
Native extension for LinuxStandalone target not found
Native extension for WindowsStandalone target not found
Native extension for OSXStandalone target not found
Native extension for WebGL target not found
Refreshing native plugins compatible for Editor in 0.75 ms, found 0 plugins.
Preloading 0 native plugins for Editor in 0.00 ms.
Invoked RoslynAnalysisRunner static constructor.
RoslynAnalysisRunner will not be running.
RoslynAnalysisRunner has terminated.
Mono: successfully reloaded assembly
- Completed reload, in  2.292 seconds
Platform modules already initialized, skipping
Shader 'Universal Render Pipeline/Particles/Lit': fallback shader 'Universal Render Pipeline/Particles/SimpleLit' not found
Refreshing native plugins compatible for Editor in 0.61 ms, found 0 plugins.
Preloading 0 native plugins for Editor in 0.00 ms.
Unloading 2440 Unused Serialized files (Serialized files now loaded: 0)
System memory in use before: 123.8 MB.
System memory in use after: 121.9 MB.

Unloading 35 unused Assets to reduce memory usage. Loaded Objects now: 3275.
Total: 10.936900 ms (FindLiveObjects: 0.386300 ms CreateObjectMapping: 0.160100 ms MarkObjects: 5.933000 ms  DeleteObjects: 4.456000 ms)

========================================================================
Received Import Request.
  Time since last request: 344.674788 seconds.
  path: Assets/Prefabs/(0, 0).prefab
  artifactKey: Guid(f187d0fed0ee4d64fb86b197e3a8ddf0) Importer(815301076,1909f56bfc062723c751e8b465ee728b)
Start importing Assets/Prefabs/(0, 0).prefab using Guid(f187d0fed0ee4d64fb86b197e3a8ddf0) Importer(815301076,1909f56bfc062723c751e8b465ee728b)  -> (artifact id: 'be40a6e707a640700adbb9f75d13fcaa') in 0.372208 seconds
  Import took 0.387603 seconds .

========================================================================
Received Prepare
Registering precompiled user dll's ...
Registered in 0.001970 seconds.
Begin MonoManager ReloadAssembly
Native extension for LinuxStandalone target not found
Native extension for WindowsStandalone target not found
Native extension for OSXStandalone target not found
Native extension for WebGL target not found
Refreshing native plugins compatible for Editor in 0.49 ms, found 0 plugins.
Preloading 0 native plugins for Editor in 0.00 ms.
Invoked RoslynAnalysisRunner static constructor.
RoslynAnalysisRunner will not be running.
RoslynAnalysisRunner has terminated.
Mono: successfully reloaded assembly
- Completed reload, in  1.644 seconds
Platform modules already initialized, skipping
Shader 'Universal Render Pipeline/Particles/Lit': fallback shader 'Universal Render Pipeline/Particles/SimpleLit' not found
Refreshing native plugins compatible for Editor in 0.72 ms, found 0 plugins.
Preloading 0 native plugins for Editor in 0.00 ms.
Unloading 2440 Unused Serialized files (Serialized files now loaded: 0)
System memory in use before: 123.9 MB.
System memory in use after: 122.1 MB.

Unloading 35 unused Assets to reduce memory usage. Loaded Objects now: 3314.
Total: 6.720700 ms (FindLiveObjects: 0.668500 ms CreateObjectMapping: 0.433100 ms MarkObjects: 3.582700 ms  DeleteObjects: 2.034800 ms)

========================================================================
Received Prepare
Registering precompiled user dll's ...
Registered in 0.004824 seconds.
Begin MonoManager ReloadAssembly
Native extension for LinuxStandalone target not found
Native extension for WindowsStandalone target not found
Native extension for OSXStandalone target not found
Native extension for WebGL target not found
Refreshing native plugins compatible for Editor in 0.51 ms, found 0 plugins.
Preloading 0 native plugins for Editor in 0.00 ms.
Invoked RoslynAnalysisRunner static constructor.
RoslynAnalysisRunner will not be running.
RoslynAnalysisRunner has terminated.
Mono: successfully reloaded assembly
- Completed reload, in  1.499 seconds
Platform modules already initialized, skipping
Shader 'Universal Render Pipeline/Particles/Lit': fallback shader 'Universal Render Pipeline/Particles/SimpleLit' not found
Refreshing native plugins compatible for Editor in 0.67 ms, found 0 plugins.
Preloading 0 native plugins for Editor in 0.00 ms.
Unloading 2440 Unused Serialized files (Serialized files now loaded: 0)
System memory in use before: 123.9 MB.
System memory in use after: 122.1 MB.

Unloading 35 unused Assets to reduce memory usage. Loaded Objects now: 3317.
Total: 5.725200 ms (FindLiveObjects: 0.594100 ms CreateObjectMapping: 0.395900 ms MarkObjects: 2.871600 ms  DeleteObjects: 1.854900 ms)

========================================================================
Received Prepare
Registering precompiled user dll's ...
Registered in 0.005544 seconds.
Begin MonoManager ReloadAssembly
Native extension for LinuxStandalone target not found
Native extension for WindowsStandalone target not found
Native extension for OSXStandalone target not found
Native extension for WebGL target not found
Refreshing native plugins compatible for Editor in 0.56 ms, found 0 plugins.
Preloading 0 native plugins for Editor in 0.00 ms.
Invoked RoslynAnalysisRunner static constructor.
RoslynAnalysisRunner will not be running.
RoslynAnalysisRunner has terminated.
Mono: successfully reloaded assembly
- Completed reload, in  1.926 seconds
Platform modules already initialized, skipping
Shader 'Universal Render Pipeline/Particles/Lit': fallback shader 'Universal Render Pipeline/Particles/SimpleLit' not found
Refreshing native plugins compatible for Editor in 0.57 ms, found 0 plugins.
Preloading 0 native plugins for Editor in 0.00 ms.
Unloading 2440 Unused Serialized files (Serialized files now loaded: 0)
System memory in use before: 123.9 MB.
System memory in use after: 122.0 MB.

Unloading 35 unused Assets to reduce memory usage. Loaded Objects now: 3320.
Total: 6.410800 ms (FindLiveObjects: 0.427200 ms CreateObjectMapping: 0.400900 ms MarkObjects: 3.550200 ms  DeleteObjects: 2.030500 ms)

========================================================================
Received Prepare
Registering precompiled user dll's ...
Registered in 0.003073 seconds.
Begin MonoManager ReloadAssembly
Native extension for LinuxStandalone target not found
Native extension for WindowsStandalone target not found
Native extension for OSXStandalone target not found
Native extension for WebGL target not found
Refreshing native plugins compatible for Editor in 0.57 ms, found 0 plugins.
Preloading 0 native plugins for Editor in 0.00 ms.
Invoked RoslynAnalysisRunner static constructor.
RoslynAnalysisRunner will not be running.
RoslynAnalysisRunner has terminated.
Mono: successfully reloaded assembly
- Completed reload, in  2.667 seconds
Platform modules already initialized, skipping
Shader 'Universal Render Pipeline/Particles/Lit': fallback shader 'Universal Render Pipeline/Particles/SimpleLit' not found
Refreshing native plugins compatible for Editor in 0.47 ms, found 0 plugins.
Preloading 0 native plugins for Editor in 0.00 ms.
Unloading 2440 Unused Serialized files (Serialized files now loaded: 0)
System memory in use before: 123.9 MB.
System memory in use after: 122.1 MB.

Unloading 35 unused Assets to reduce memory usage. Loaded Objects now: 3323.
Total: 4.659800 ms (FindLiveObjects: 0.326400 ms CreateObjectMapping: 0.246000 ms MarkObjects: 2.513000 ms  DeleteObjects: 1.572800 ms)

========================================================================
Received Prepare
Registering precompiled user dll's ...
Registered in 0.003756 seconds.
Begin MonoManager ReloadAssembly
Native extension for LinuxStandalone target not found
Native extension for WindowsStandalone target not found
Native extension for OSXStandalone target not found
Native extension for WebGL target not found
Refreshing native plugins compatible for Editor in 0.88 ms, found 0 plugins.
Preloading 0 native plugins for Editor in 0.00 ms.
Invoked RoslynAnalysisRunner static constructor.
RoslynAnalysisRunner will not be running.
RoslynAnalysisRunner has terminated.
Mono: successfully reloaded assembly
- Completed reload, in  1.486 seconds
Platform modules already initialized, skipping
Shader 'Universal Render Pipeline/Particles/Lit': fallback shader 'Universal Render Pipeline/Particles/SimpleLit' not found
Refreshing native plugins compatible for Editor in 0.46 ms, found 0 plugins.
Preloading 0 native plugins for Editor in 0.00 ms.
Unloading 2440 Unused Serialized files (Serialized files now loaded: 0)
System memory in use before: 124.0 MB.
System memory in use after: 122.1 MB.

Unloading 35 unused Assets to reduce memory usage. Loaded Objects now: 3326.
Total: 5.396400 ms (FindLiveObjects: 0.350100 ms CreateObjectMapping: 0.137900 ms MarkObjects: 3.048900 ms  DeleteObjects: 1.858100 ms)

========================================================================
Received Prepare
Registering precompiled user dll's ...
Registered in 0.002431 seconds.
Begin MonoManager ReloadAssembly
Native extension for LinuxStandalone target not found
Native extension for WindowsStandalone target not found
Native extension for OSXStandalone target not found
Native extension for WebGL target not found
Refreshing native plugins compatible for Editor in 0.58 ms, found 0 plugins.
Preloading 0 native plugins for Editor in 0.00 ms.
Invoked RoslynAnalysisRunner static constructor.
RoslynAnalysisRunner will not be running.
RoslynAnalysisRunner has terminated.
Mono: successfully reloaded assembly
- Completed reload, in  1.255 seconds
Platform modules already initialized, skipping
Shader 'Universal Render Pipeline/Particles/Lit': fallback shader 'Universal Render Pipeline/Particles/SimpleLit' not found
Refreshing native plugins compatible for Editor in 0.63 ms, found 0 plugins.
Preloading 0 native plugins for Editor in 0.00 ms.
Unloading 2440 Unused Serialized files (Serialized files now loaded: 0)
System memory in use before: 124.0 MB.
System memory in use after: 122.1 MB.

Unloading 35 unused Assets to reduce memory usage. Loaded Objects now: 3329.
Total: 4.522100 ms (FindLiveObjects: 0.331400 ms CreateObjectMapping: 0.145800 ms MarkObjects: 2.398500 ms  DeleteObjects: 1.644800 ms)

========================================================================
Received Prepare
Registering precompiled user dll's ...
Registered in 0.002192 seconds.
Begin MonoManager ReloadAssembly
Native extension for LinuxStandalone target not found
Native extension for WindowsStandalone target not found
Native extension for OSXStandalone target not found
Native extension for WebGL target not found
Refreshing native plugins compatible for Editor in 0.46 ms, found 0 plugins.
Preloading 0 native plugins for Editor in 0.00 ms.
Invoked RoslynAnalysisRunner static constructor.
RoslynAnalysisRunner will not be running.
RoslynAnalysisRunner has terminated.
Mono: successfully reloaded assembly
- Completed reload, in  1.352 seconds
Platform modules already initialized, skipping
Shader 'Universal Render Pipeline/Particles/Lit': fallback shader 'Universal Render Pipeline/Particles/SimpleLit' not found
Refreshing native plugins compatible for Editor in 0.50 ms, found 0 plugins.
Preloading 0 native plugins for Editor in 0.00 ms.
Unloading 2440 Unused Serialized files (Serialized files now loaded: 0)
System memory in use before: 124.0 MB.
System memory in use after: 122.1 MB.

Unloading 35 unused Assets to reduce memory usage. Loaded Objects now: 3332.
Total: 9.191800 ms (FindLiveObjects: 0.354800 ms CreateObjectMapping: 0.161400 ms MarkObjects: 6.811900 ms  DeleteObjects: 1.862200 ms)

========================================================================
Received Prepare
Registering precompiled user dll's ...
Registered in 0.002452 seconds.
Begin MonoManager ReloadAssembly
Native extension for LinuxStandalone target not found
Native extension for WindowsStandalone target not found
Native extension for OSXStandalone target not found
Native extension for WebGL target not found
Refreshing native plugins compatible for Editor in 0.67 ms, found 0 plugins.
Preloading 0 native plugins for Editor in 0.00 ms.
Invoked RoslynAnalysisRunner static constructor.
RoslynAnalysisRunner will not be running.
RoslynAnalysisRunner has terminated.
Mono: successfully reloaded assembly
- Completed reload, in  2.234 seconds
Platform modules already initialized, skipping
Shader 'Universal Render Pipeline/Particles/Lit': fallback shader 'Universal Render Pipeline/Particles/SimpleLit' not found
Refreshing native plugins compatible for Editor in 0.78 ms, found 0 plugins.
Preloading 0 native plugins for Editor in 0.00 ms.
Unloading 2440 Unused Serialized files (Serialized files now loaded: 0)
System memory in use before: 123.9 MB.
System memory in use after: 122.0 MB.

Unloading 35 unused Assets to reduce memory usage. Loaded Objects now: 3335.
Total: 13.107200 ms (FindLiveObjects: 0.834400 ms CreateObjectMapping: 0.346600 ms MarkObjects: 9.773000 ms  DeleteObjects: 2.151600 ms)

========================================================================
Received Import Request.
  Time since last request: 4074.874122 seconds.
  path: Assets/Prefabs/Enemy.prefab
  artifactKey: Guid(3536a73388bc43646a50f299a116494d) Importer(815301076,1909f56bfc062723c751e8b465ee728b)
Start importing Assets/Prefabs/Enemy.prefab using Guid(3536a73388bc43646a50f299a116494d) Importer(815301076,1909f56bfc062723c751e8b465ee728b)  -> (artifact id: 'd436950b6bc8c07dac7db9eb95a80f01') in 0.259252 seconds
  Import took 0.267351 seconds .

========================================================================
Received Import Request.
  Time since last request: 0.000464 seconds.
  path: Assets/Prefabs/tower Variant.prefab
  artifactKey: Guid(36cae2a4682a03b44951503cddb8aa3c) Importer(815301076,1909f56bfc062723c751e8b465ee728b)
Start importing Assets/Prefabs/tower Variant.prefab using Guid(36cae2a4682a03b44951503cddb8aa3c) Importer(815301076,1909f56bfc062723c751e8b465ee728b)  -> (artifact id: 'bfe47fa76679a58263ddda8d10268b28') in 0.036358 seconds
  Import took 0.050457 seconds .

========================================================================
Received Import Request.
  Time since last request: 4.041989 seconds.
  path: Assets/Prefabs/tower Variant 1.prefab
  artifactKey: Guid(bbb62b83053a25b48a08c8e6ad83bd66) Importer(815301076,1909f56bfc062723c751e8b465ee728b)
Start importing Assets/Prefabs/tower Variant 1.prefab using Guid(bbb62b83053a25b48a08c8e6ad83bd66) Importer(815301076,1909f56bfc062723c751e8b465ee728b)  -> (artifact id: '0fc637ccb1deec20033c38f519313155') in 0.058459 seconds
  Import took 0.064764 seconds .

========================================================================
Received Import Request.
  Time since last request: 16.385541 seconds.
  path: Assets/Prefabs/tower Variant 1.prefab
  artifactKey: Guid(bbb62b83053a25b48a08c8e6ad83bd66) Importer(815301076,1909f56bfc062723c751e8b465ee728b)
Start importing Assets/Prefabs/tower Variant 1.prefab using Guid(bbb62b83053a25b48a08c8e6ad83bd66) Importer(815301076,1909f56bfc062723c751e8b465ee728b)  -> (artifact id: '58a6074722190aeed2c04e09c0a9f16e') in 0.054430 seconds
  Import took 0.059979 seconds .

========================================================================
Received Import Request.
  Time since last request: 2.968140 seconds.
  path: Assets/Prefabs/tower Variant 1.prefab
  artifactKey: Guid(bbb62b83053a25b48a08c8e6ad83bd66) Importer(815301076,1909f56bfc062723c751e8b465ee728b)
Start importing Assets/Prefabs/tower Variant 1.prefab using Guid(bbb62b83053a25b48a08c8e6ad83bd66) Importer(815301076,1909f56bfc062723c751e8b465ee728b)  -> (artifact id: '8ee1a6286c2bf0d245f87a4ca1240491') in 0.027538 seconds
  Import took 0.033971 seconds .

========================================================================
Received Import Request.
  Time since last request: 6.031089 seconds.
  path: Assets/Prefabs/tower Variant 1.prefab
  artifactKey: Guid(bbb62b83053a25b48a08c8e6ad83bd66) Importer(815301076,1909f56bfc062723c751e8b465ee728b)
Start importing Assets/Prefabs/tower Variant 1.prefab using Guid(bbb62b83053a25b48a08c8e6ad83bd66) Importer(815301076,1909f56bfc062723c751e8b465ee728b)  -> (artifact id: '41cdab6dbffe97effc3783192b22d48c') in 0.057915 seconds
  Import took 0.081157 seconds .

========================================================================
Received Import Request.
  Time since last request: 3.806530 seconds.
  path: Assets/Prefabs/tower Variant 1.prefab
  artifactKey: Guid(bbb62b83053a25b48a08c8e6ad83bd66) Importer(815301076,1909f56bfc062723c751e8b465ee728b)
Start importing Assets/Prefabs/tower Variant 1.prefab using Guid(bbb62b83053a25b48a08c8e6ad83bd66) Importer(815301076,1909f56bfc062723c751e8b465ee728b)  -> (artifact id: 'f6259678909bc874c0b294cca6c09e82') in 0.027704 seconds
  Import took 0.034305 seconds .

========================================================================
Received Import Request.
  Time since last request: 1.789756 seconds.
  path: Assets/Prefabs/tower Variant 1.prefab
  artifactKey: Guid(bbb62b83053a25b48a08c8e6ad83bd66) Importer(815301076,1909f56bfc062723c751e8b465ee728b)
Start importing Assets/Prefabs/tower Variant 1.prefab using Guid(bbb62b83053a25b48a08c8e6ad83bd66) Importer(815301076,1909f56bfc062723c751e8b465ee728b)  -> (artifact id: '80883965bb5d8fb7c79bb4bdeac0dad3') in 0.034845 seconds
  Import took 0.042396 seconds .

========================================================================
Received Import Request.
  Time since last request: 3.639330 seconds.
  path: Assets/Prefabs/tower Variant 1.prefab
  artifactKey: Guid(bbb62b83053a25b48a08c8e6ad83bd66) Importer(815301076,1909f56bfc062723c751e8b465ee728b)
Start importing Assets/Prefabs/tower Variant 1.prefab using Guid(bbb62b83053a25b48a08c8e6ad83bd66) Importer(815301076,1909f56bfc062723c751e8b465ee728b)  -> (artifact id: '3887f2ea59403d5eb3e7d81888523c7b') in 0.031344 seconds
  Import took 0.037452 seconds .

========================================================================
Received Import Request.
  Time since last request: 10.606550 seconds.
  path: Assets/Prefabs/tower Variant 1.prefab
  artifactKey: Guid(bbb62b83053a25b48a08c8e6ad83bd66) Importer(815301076,1909f56bfc062723c751e8b465ee728b)
Start importing Assets/Prefabs/tower Variant 1.prefab using Guid(bbb62b83053a25b48a08c8e6ad83bd66) Importer(815301076,1909f56bfc062723c751e8b465ee728b)  -> (artifact id: '1482d8a2148994f79298b1b0115d69a3') in 0.067350 seconds
  Import took 0.080610 seconds .

========================================================================
Received Import Request.
  Time since last request: 7.926265 seconds.
  path: Assets/Prefabs/tower Variant.prefab
  artifactKey: Guid(36cae2a4682a03b44951503cddb8aa3c) Importer(815301076,1909f56bfc062723c751e8b465ee728b)
Start importing Assets/Prefabs/tower Variant.prefab using Guid(36cae2a4682a03b44951503cddb8aa3c) Importer(815301076,1909f56bfc062723c751e8b465ee728b)  -> (artifact id: 'efc4c2f63747bf648bd8f5abab6fc077') in 0.060649 seconds
  Import took 0.096334 seconds .

========================================================================
Received Import Request.
  Time since last request: 13.459000 seconds.
  path: Assets/Prefabs/tower Variant 1.prefab
  artifactKey: Guid(bbb62b83053a25b48a08c8e6ad83bd66) Importer(815301076,1909f56bfc062723c751e8b465ee728b)
Start importing Assets/Prefabs/tower Variant 1.prefab using Guid(bbb62b83053a25b48a08c8e6ad83bd66) Importer(815301076,1909f56bfc062723c751e8b465ee728b)  -> (artifact id: 'c1f3454159e2009b98128aee00e34854') in 0.036334 seconds
  Import took 0.044194 seconds .

========================================================================
Received Prepare
Registering precompiled user dll's ...
Registered in 0.001967 seconds.
Begin MonoManager ReloadAssembly
Native extension for LinuxStandalone target not found
Native extension for WindowsStandalone target not found
Native extension for OSXStandalone target not found
Native extension for WebGL target not found
Refreshing native plugins compatible for Editor in 0.49 ms, found 0 plugins.
Preloading 0 native plugins for Editor in 0.00 ms.
Invoked RoslynAnalysisRunner static constructor.
RoslynAnalysisRunner will not be running.
RoslynAnalysisRunner has terminated.
Mono: successfully reloaded assembly
- Completed reload, in  1.486 seconds
Platform modules already initialized, skipping
Shader 'Universal Render Pipeline/Particles/Lit': fallback shader 'Universal Render Pipeline/Particles/SimpleLit' not found
Refreshing native plugins compatible for Editor in 0.61 ms, found 0 plugins.
Preloading 0 native plugins for Editor in 0.00 ms.
Unloading 2440 Unused Serialized files (Serialized files now loaded: 0)
System memory in use before: 124.2 MB.
System memory in use after: 122.4 MB.

Unloading 35 unused Assets to reduce memory usage. Loaded Objects now: 3374.
Total: 7.218400 ms (FindLiveObjects: 0.377800 ms CreateObjectMapping: 0.556800 ms MarkObjects: 4.259400 ms  DeleteObjects: 2.022600 ms)

========================================================================
Received Import Request.
  Time since last request: 462.680527 seconds.
  path: Assets/Prefabs/(0, 0).prefab
  artifactKey: Guid(f187d0fed0ee4d64fb86b197e3a8ddf0) Importer(815301076,1909f56bfc062723c751e8b465ee728b)
Start importing Assets/Prefabs/(0, 0).prefab using Guid(f187d0fed0ee4d64fb86b197e3a8ddf0) Importer(815301076,1909f56bfc062723c751e8b465ee728b)  -> (artifact id: '544a6db3de7efa93f2edd9ecc26c1459') in 0.363267 seconds
  Import took 0.373364 seconds .

========================================================================
Received Import Request.
  Time since last request: 163.330253 seconds.
  path: Assets/Prefabs/(0, 0).prefab
  artifactKey: Guid(f187d0fed0ee4d64fb86b197e3a8ddf0) Importer(815301076,1909f56bfc062723c751e8b465ee728b)
Start importing Assets/Prefabs/(0, 0).prefab using Guid(f187d0fed0ee4d64fb86b197e3a8ddf0) Importer(815301076,1909f56bfc062723c751e8b465ee728b)  -> (artifact id: 'd841e8f875392e80057ccbf63fca2a5d') in 0.095135 seconds
  Import took 0.102076 seconds .

========================================================================
Received Import Request.
  Time since last request: 0.004948 seconds.
  path: Assets/Prefabs/(0, 0).prefab
  artifactKey: Guid(f187d0fed0ee4d64fb86b197e3a8ddf0) Importer(815301076,1909f56bfc062723c751e8b465ee728b)
Start importing Assets/Prefabs/(0, 0).prefab using Guid(f187d0fed0ee4d64fb86b197e3a8ddf0) Importer(815301076,1909f56bfc062723c751e8b465ee728b)  -> (artifact id: 'd841e8f875392e80057ccbf63fca2a5d') in 0.073650 seconds
  Import took 0.082518 seconds .

========================================================================
Received Import Request.
  Time since last request: 1.644718 seconds.
  path: Assets/Prefabs/(0, 0).prefab
  artifactKey: Guid(f187d0fed0ee4d64fb86b197e3a8ddf0) Importer(815301076,1909f56bfc062723c751e8b465ee728b)
Start importing Assets/Prefabs/(0, 0).prefab using Guid(f187d0fed0ee4d64fb86b197e3a8ddf0) Importer(815301076,1909f56bfc062723c751e8b465ee728b)  -> (artifact id: 'aca389ceb0af3186858da480b504feab') in 0.082999 seconds
  Import took 0.089745 seconds .

========================================================================
Received Prepare
Registering precompiled user dll's ...
Registered in 0.002217 seconds.
Begin MonoManager ReloadAssembly
Native extension for LinuxStandalone target not found
Native extension for WindowsStandalone target not found
Native extension for OSXStandalone target not found
Native extension for WebGL target not found
Refreshing native plugins compatible for Editor in 4.99 ms, found 0 plugins.
Preloading 0 native plugins for Editor in 0.00 ms.
Invoked RoslynAnalysisRunner static constructor.
RoslynAnalysisRunner will not be running.
RoslynAnalysisRunner has terminated.
Mono: successfully reloaded assembly
- Completed reload, in  2.276 seconds
Platform modules already initialized, skipping
Shader 'Universal Render Pipeline/Particles/Lit': fallback shader 'Universal Render Pipeline/Particles/SimpleLit' not found
Refreshing native plugins compatible for Editor in 0.51 ms, found 0 plugins.
Preloading 0 native plugins for Editor in 0.00 ms.
Unloading 2440 Unused Serialized files (Serialized files now loaded: 0)
System memory in use before: 124.4 MB.
System memory in use after: 122.5 MB.

Unloading 35 unused Assets to reduce memory usage. Loaded Objects now: 3413.
Total: 13.801200 ms (FindLiveObjects: 0.521100 ms CreateObjectMapping: 0.477200 ms MarkObjects: 5.552300 ms  DeleteObjects: 7.248600 ms)

